{
  "codeQuality": {
    "status": "failed",
    "score": 0,
    "details": [
      {
        "check": "TypeScript",
        "status": "failed",
        "message": "Command failed: npm run type-check",
        "output": "\n> smart-mcp@2.0.0 type-check\n> tsc --noEmit\n\nsrc/context/enhanced-integration/DeepContext7Broker.ts(19,7): error TS2300: Duplicate identifier 'ContextRelevanceScorer'.\r\nsrc/context/enhanced-integration/DeepContext7Broker.ts(24,7): error TS2300: Duplicate identifier 'ContextCompressor'.\r\nsrc/context/enhanced-integration/DeepContext7Broker.ts(29,7): error TS2300: Duplicate identifier 'ContextSuggestionEngine'.\r\nsrc/context/enhanced-integration/DeepContext7Broker.ts(34,7): error TS2300: Duplicate identifier 'ContextLearningEngine'.\r\nsrc/context/enhanced-integration/DeepContext7Broker.ts(207,33): error TS2339: Property 'learn' does not exist on type 'ContextLearningEngine'.\r\nsrc/context/enhanced-integration/DeepContext7Broker.ts(284,61): error TS2551: Property 'generateRelevantSuggestions' does not exist on type 'ContextSuggestionEngine'. Did you mean 'generateSuggestions'?\r\nsrc/context/enhanced-integration/DeepContext7Broker.ts(292,60): error TS2551: Property 'generatePatternSuggestions' does not exist on type 'ContextSuggestionEngine'. Did you mean 'generateSuggestions'?\r\nsrc/context/enhanced-integration/DeepContext7Broker.ts(300,61): error TS2551: Property 'generateWorkflowSuggestions' does not exist on type 'ContextSuggestionEngine'. Did you mean 'generateSuggestions'?\r\nsrc/context/enhanced-integration/DeepContext7Broker.ts(308,35): error TS2339: Property 'generateErrorPreventionSuggestions' does not exist on type 'ContextSuggestionEngine'.\r\nsrc/context/enhanced-integration/DeepContext7Broker.ts(658,7): error TS2300: Duplicate identifier 'ContextRelevanceScorer'.\r\nsrc/context/enhanced-integration/DeepContext7Broker.ts(702,7): error TS2300: Duplicate identifier 'ContextCompressor'.\r\nsrc/context/enhanced-integration/DeepContext7Broker.ts(734,7): error TS2300: Duplicate identifier 'ContextSuggestionEngine'.\r\nsrc/context/enhanced-integration/DeepContext7Broker.ts(867,7): error TS2300: Duplicate identifier 'ContextLearningEngine'.\r\nsrc/external/RealMCPClient.ts(135,36): error TS18047: 'response' is possibly 'null'.\r\nsrc/mcp-docker-server.ts(364,18): error TS2341: Property 'mcpServer' is private and only accessible within class 'MCPDockerServer'.\r\nsrc/vibe/core/ActionOrchestrator.ts(45,12): error TS2678: Type '\"project\"' is not comparable to type 'VibeIntentType'.\r\nsrc/vibe/core/ActionOrchestrator.ts(48,12): error TS2678: Type '\"code\"' is not comparable to type 'VibeIntentType'.\r\nsrc/vibe/core/ActionOrchestrator.ts(51,12): error TS2678: Type '\"quality\"' is not comparable to type 'VibeIntentType'.\r\nsrc/vibe/core/ActionOrchestrator.ts(57,12): error TS2678: Type '\"explanation\"' is not comparable to type 'VibeIntentType'.\r\nsrc/vibe/core/ActionOrchestrator.ts(60,12): error TS2678: Type '\"improvement\"' is not comparable to type 'VibeIntentType'.\r\nsrc/vibe/core/ActionOrchestrator.ts(66,12): error TS2678: Type '\"help\"' is not comparable to type 'VibeIntentType'.\r\nsrc/vibe/core/ActionOrchestrator.ts(69,12): error TS2678: Type '\"config\"' is not comparable to type 'VibeIntentType'.\r\nsrc/vibe/core/ActionOrchestrator.ts(72,12): error TS2678: Type '\"status\"' is not comparable to type 'VibeIntentType'.\r\nsrc/vibe/core/ContextManager.ts(262,7): error TS2322: Type '\"full\"' is not assignable to type 'VibeEmojiLevel | undefined'.\r\nsrc/vibe/core/ErrorHandler.ts(26,9): error TS2322: Type '\"help\"' is not assignable to type 'VibeIntentType'.\r\nsrc/vibe/core/ErrorHandler.ts(27,9): error TS2322: Type '\"error\"' is not assignable to type 'VibeStatus'.\r\nsrc/vibe/core/ErrorHandler.ts(53,11): error TS2322: Type '\"parsing_error\"' is not assignable to type 'VibeErrorType'.\r\nsrc/vibe/core/ErrorHandler.ts(66,11): error TS2322: Type '\"tool_error\"' is not assignable to type 'VibeErrorType'.\r\nsrc/vibe/core/ErrorHandler.ts(79,11): error TS2322: Type '\"validation_error\"' is not assignable to type 'VibeErrorType'.\r\nsrc/vibe/core/ErrorHandler.ts(92,11): error TS2322: Type '\"timeout_error\"' is not assignable to type 'VibeErrorType'.\r\nsrc/vibe/core/ErrorHandler.ts(105,11): error TS2322: Type '\"network_error\"' is not assignable to type 'VibeErrorType'.\r\nsrc/vibe/core/ErrorHandler.ts(117,9): error TS2322: Type '\"unknown_error\"' is not assignable to type 'VibeErrorType'.\r\nsrc/vibe/core/ErrorHandler.ts(129,7): error TS2322: Type '\"unknown_error\"' is not assignable to type 'VibeErrorType'.\r\nsrc/vibe/core/ErrorHandler.ts(147,12): error TS2678: Type '\"parsing_error\"' is not comparable to type 'VibeErrorType'.\r\nsrc/vibe/core/ErrorHandler.ts(150,12): error TS2678: Type '\"tool_error\"' is not comparable to type 'VibeErrorType'.\r\nsrc/vibe/core/ErrorHandler.ts(153,12): error TS2678: Type '\"validation_error\"' is not comparable to type 'VibeErrorType'.\r\nsrc/vibe/core/ErrorHandler.ts(156,12): error TS2678: Type '\"timeout_error\"' is not comparable to type 'VibeErrorType'.\r\nsrc/vibe/core/ErrorHandler.ts(159,12): error TS2678: Type '\"network_error\"' is not comparable to type 'VibeErrorType'.\r\nsrc/vibe/core/ErrorHandler.ts(162,12): error TS2678: Type '\"configuration_error\"' is not comparable to type 'VibeErrorType'.\r\nsrc/vibe/core/ErrorHandler.ts(165,12): error TS2678: Type '\"unknown_error\"' is not comparable to type 'VibeErrorType'.\r\nsrc/vibe/core/ErrorHandler.ts(182,12): error TS2678: Type '\"parsing_error\"' is not comparable to type 'VibeErrorType'.\r\nsrc/vibe/core/ErrorHandler.ts(187,12): error TS2678: Type '\"tool_error\"' is not comparable to type 'VibeErrorType'.\r\nsrc/vibe/core/ErrorHandler.ts(192,12): error TS2678: Type '\"validation_error\"' is not comparable to type 'VibeErrorType'.\r\nsrc/vibe/core/ErrorHandler.ts(197,12): error TS2678: Type '\"timeout_error\"' is not comparable to type 'VibeErrorType'.\r\nsrc/vibe/core/ErrorHandler.ts(202,12): error TS2678: Type '\"network_error\"' is not comparable to type 'VibeErrorType'.\r\nsrc/vibe/core/ErrorHandler.ts(207,12): error TS2678: Type '\"configuration_error\"' is not comparable to type 'VibeErrorType'.\r\nsrc/vibe/core/ErrorHandler.ts(229,12): error TS2678: Type '\"parsing_error\"' is not comparable to type 'VibeErrorType'.\r\nsrc/vibe/core/ErrorHandler.ts(238,12): error TS2678: Type '\"tool_error\"' is not comparable to type 'VibeErrorType'.\r\nsrc/vibe/core/ErrorHandler.ts(247,12): error TS2678: Type '\"validation_error\"' is not comparable to type 'VibeErrorType'.\r\nsrc/vibe/core/ErrorHandler.ts(256,12): error TS2678: Type '\"timeout_error\"' is not comparable to type 'VibeErrorType'.\r\nsrc/vibe/core/ErrorHandler.ts(265,12): error TS2678: Type '\"network_error\"' is not comparable to type 'VibeErrorType'.\r\nsrc/vibe/core/ErrorHandler.ts(274,12): error TS2678: Type '\"configuration_error\"' is not comparable to type 'VibeErrorType'.\r\nsrc/vibe/core/ErrorHandler.ts(300,9): error TS2322: Type '\"help\"' is not assignable to type 'VibeIntentType'.\r\nsrc/vibe/core/ErrorHandler.ts(301,9): error TS2322: Type '\"info\"' is not assignable to type 'VibeStatus'.\r\nsrc/vibe/core/ErrorHandler.ts(339,9): error TS2322: Type '\"help\"' is not assignable to type 'VibeIntentType'.\r\nsrc/vibe/core/ErrorHandler.ts(340,9): error TS2322: Type '\"error\"' is not assignable to type 'VibeStatus'.\r\nsrc/vibe/core/ErrorHandler.ts(379,9): error TS2322: Type '\"help\"' is not assignable to type 'VibeIntentType'.\r\nsrc/vibe/core/ErrorHandler.ts(380,9): error TS2322: Type '\"error\"' is not assignable to type 'VibeStatus'.\r\nsrc/vibe/core/IntentParser.ts(104,13): error TS2367: This comparison appears to be unintentional because the types 'VibeIntentType' and '\"code\"' have no overlap.\r\nsrc/vibe/core/IntentParser.ts(104,38): error TS2367: This comparison appears to be unintentional because the types 'VibeIntentType' and '\"project\"' have no overlap.\r\nsrc/vibe/core/IntentParser.ts(114,9): error TS2322: Type '\"help\"' is not assignable to type 'VibeIntentType'.\r\nsrc/vibe/core/IntentParser.ts(212,9): error TS2367: This comparison appears to be unintentional because the types 'VibeIntentType' and '\"code\"' have no overlap.\r\nsrc/vibe/core/IntentParser.ts(212,34): error TS2367: This comparison appears to be unintentional because the types 'VibeIntentType' and '\"project\"' have no overlap.\r\nsrc/vibe/core/IntentParser.ts(445,18): error TS2345: Argument of type '\"project\"' is not assignable to parameter of type 'VibeIntentType'.\r\nsrc/vibe/core/IntentParser.ts(449,18): error TS2345: Argument of type '\"code\"' is not assignable to parameter of type 'VibeIntentType'.\r\nsrc/vibe/core/IntentParser.ts(457,18): error TS2345: Argument of type '\"quality\"' is not assignable to parameter of type 'VibeIntentType'.\r\nsrc/vibe/core/IntentParser.ts(473,18): error TS2345: Argument of type '\"explanation\"' is not assignable to parameter of type 'VibeIntentType'.\r\nsrc/vibe/core/IntentParser.ts(477,18): error TS2345: Argument of type '\"improvement\"' is not assignable to parameter of type 'VibeIntentType'.\r\nsrc/vibe/core/IntentParser.ts(485,18): error TS2345: Argument of type '\"help\"' is not assignable to parameter of type 'VibeIntentType'.\r\nsrc/vibe/core/IntentParser.ts(489,18): error TS2345: Argument of type '\"config\"' is not assignable to parameter of type 'VibeIntentType'.\r\nsrc/vibe/core/IntentParser.ts(493,18): error TS2345: Argument of type '\"status\"' is not assignable to parameter of type 'VibeIntentType'.\r\nsrc/vibe/core/IntentParser.ts(508,11): error TS2367: This comparison appears to be unintentional because the types 'VibeIntentType' and '\"code\"' have no overlap.\r\nsrc/vibe/core/IntentParser.ts(508,36): error TS2367: This comparison appears to be unintentional because the types 'VibeIntentType' and '\"project\"' have no overlap.\r\nsrc/vibe/core/IntentParser.ts(611,12): error TS2678: Type '\"explanation\"' is not comparable to type 'VibeIntentType'.\r\nsrc/vibe/core/IntentParser.ts(613,12): error TS2678: Type '\"status\"' is not comparable to type 'VibeIntentType'.\r\nsrc/vibe/core/IntentParser.ts(615,12): error TS2678: Type '\"help\"' is not comparable to type 'VibeIntentType'.\r\nsrc/vibe/core/IntentParser.ts(617,12): error TS2678: Type '\"quality\"' is not comparable to type 'VibeIntentType'.\r\nsrc/vibe/core/VibeFormatter.ts(59,11): error TS2322: Type '\"error\" | \"success\"' is not assignable to type 'VibeStatus'.\r\n  Type '\"error\"' is not assignable to type 'VibeStatus'.\r\nsrc/vibe/core/VibeFormatter.ts(100,16): error TS2678: Type '\"project\"' is not comparable to type 'VibeIntentType'.\r\nsrc/vibe/core/VibeFormatter.ts(110,12): error TS2678: Type '\"code\"' is not comparable to type 'VibeIntentType'.\r\nsrc/vibe/core/VibeFormatter.ts(120,12): error TS2678: Type '\"quality\"' is not comparable to type 'VibeIntentType'.\r\nsrc/vibe/core/VibeFormatter.ts(143,12): error TS2678: Type '\"explanation\"' is not comparable to type 'VibeIntentType'.\r\nsrc/vibe/core/VibeFormatter.ts(148,12): error TS2678: Type '\"improvement\"' is not comparable to type 'VibeIntentType'.\r\nsrc/vibe/core/VibeFormatter.ts(158,12): error TS2678: Type '\"help\"' is not comparable to type 'VibeIntentType'.\r\nsrc/vibe/core/VibeFormatter.ts(161,12): error TS2678: Type '\"config\"' is not comparable to type 'VibeIntentType'.\r\nsrc/vibe/core/VibeFormatter.ts(164,12): error TS2678: Type '\"status\"' is not comparable to type 'VibeIntentType'.\r\nsrc/vibe/core/VibeFormatter.ts(184,11): error TS2322: Type '\"error\" | \"success\"' is not assignable to type 'VibeStatus'.\r\n  Type '\"error\"' is not assignable to type 'VibeStatus'.\r\nsrc/vibe/core/VibeFormatter.ts(210,12): error TS2678: Type '\"project\"' is not comparable to type 'VibeIntentType'.\r\nsrc/vibe/core/VibeFormatter.ts(215,12): error TS2678: Type '\"code\"' is not comparable to type 'VibeIntentType'.\r\nsrc/vibe/core/VibeFormatter.ts(221,12): error TS2678: Type '\"quality\"' is not comparable to type 'VibeIntentType'.\r\nsrc/vibe/core/VibeFormatter.ts(243,12): error TS2678: Type '\"explanation\"' is not comparable to type 'VibeIntentType'.\r\nsrc/vibe/core/VibeFormatter.ts(249,12): error TS2678: Type '\"improvement\"' is not comparable to type 'VibeIntentType'.\r\nsrc/vibe/core/VibeFormatter.ts(262,12): error TS2678: Type '\"help\"' is not comparable to type 'VibeIntentType'.\r\nsrc/vibe/core/VibeFormatter.ts(267,12): error TS2678: Type '\"config\"' is not comparable to type 'VibeIntentType'.\r\nsrc/vibe/core/VibeFormatter.ts(272,12): error TS2678: Type '\"status\"' is not comparable to type 'VibeIntentType'.\r\nsrc/vibe/core/VibeFormatter.ts(301,12): error TS2678: Type '\"project\"' is not comparable to type 'VibeIntentType'.\r\nsrc/vibe/core/VibeFormatter.ts(310,12): error TS2678: Type '\"code\"' is not comparable to type 'VibeIntentType'.\r\nsrc/vibe/core/VibeFormatter.ts(319,12): error TS2678: Type '\"quality\"' is not comparable to type 'VibeIntentType'.\r\nsrc/vibe/core/VibeFormatter.ts(461,12): error TS2678: Type '\"project\"' is not comparable to type 'VibeIntentType'.\r\nsrc/vibe/core/VibeFormatter.ts(464,12): error TS2678: Type '\"code\"' is not comparable to type 'VibeIntentType'.\r\nsrc/vibe/core/VibeFormatter.ts(467,12): error TS2678: Type '\"quality\"' is not comparable to type 'VibeIntentType'.\r\nsrc/vibe/core/VibeFormatter.ts(473,12): error TS2678: Type '\"explanation\"' is not comparable to type 'VibeIntentType'.\r\nsrc/vibe/core/VibeFormatter.ts(476,12): error TS2678: Type '\"improvement\"' is not comparable to type 'VibeIntentType'.\r\nsrc/vibe/core/VibeTapp.ts(130,9): error TS18048: 'request.options' is possibly 'undefined'.\r\nsrc/vibe/core/VibeTapp.ts(137,35): error TS2367: This comparison appears to be unintentional because the types 'VibeIntentType' and '\"code\"' have no overlap.\r\nsrc/vibe/core/VibeTapp.ts(137,61): error TS2367: This comparison appears to be unintentional because the types 'VibeIntentType' and '\"project\"' have no overlap.\r\nsrc/vibe/core/VibeTapp.ts(342,7): error TS2322: Type '\"full\" | VibeEmojiLevel' is not assignable to type 'VibeEmojiLevel | undefined'.\r\n  Type '\"full\"' is not assignable to type 'VibeEmojiLevel | undefined'.\r\nsrc/vibe/core/VibeTapp.ts(409,9): error TS2322: Type '\"help\"' is not assignable to type 'VibeIntentType'.\r\nsrc/vibe/core/VibeTapp.ts(410,9): error TS2322: Type '\"info\"' is not assignable to type 'VibeStatus'.\r\nsrc/vibe/types/VibeTypes.ts(9,13): error TS2300: Duplicate identifier 'VibeRole'.\r\nsrc/vibe/types/VibeTypes.ts(10,13): error TS2300: Duplicate identifier 'VibeQualityLevel'.\r\nsrc/vibe/types/VibeTypes.ts(11,13): error TS2300: Duplicate identifier 'VibeVerbosity'.\r\nsrc/vibe/types/VibeTypes.ts(12,13): error TS2300: Duplicate identifier 'VibeMode'.\r\nsrc/vibe/types/VibeTypes.ts(13,13): error TS2300: Duplicate identifier 'VibeEmojiLevel'.\r\nsrc/vibe/types/VibeTypes.ts(14,13): error TS2300: Duplicate identifier 'VibeTechnicalLevel'.\r\nsrc/vibe/types/VibeTypes.ts(15,13): error TS2300: Duplicate identifier 'VibeIntentType'.\r\nsrc/vibe/types/VibeTypes.ts(16,13): error TS2300: Duplicate identifier 'VibeStatus'.\r\nsrc/vibe/types/VibeTypes.ts(17,13): error TS2300: Duplicate identifier 'VibeErrorType'.\r\nsrc/vibe/types/VibeTypes.ts(18,13): error TS2300: Duplicate identifier 'VibeColorCode'.\r\nsrc/vibe/types/VibeTypes.ts(210,13): error TS2300: Duplicate identifier 'VibeRole'.\r\nsrc/vibe/types/VibeTypes.ts(217,13): error TS2300: Duplicate identifier 'VibeQualityLevel'.\r\nsrc/vibe/types/VibeTypes.ts(223,13): error TS2300: Duplicate identifier 'VibeVerbosity'.\r\nsrc/vibe/types/VibeTypes.ts(228,13): error TS2300: Duplicate identifier 'VibeMode'.\r\nsrc/vibe/types/VibeTypes.ts(233,13): error TS2300: Duplicate identifier 'VibeEmojiLevel'.\r\nsrc/vibe/types/VibeTypes.ts(238,13): error TS2300: Duplicate identifier 'VibeTechnicalLevel'.\r\nsrc/vibe/types/VibeTypes.ts(243,13): error TS2300: Duplicate identifier 'VibeIntentType'.\r\nsrc/vibe/types/VibeTypes.ts(255,13): error TS2300: Duplicate identifier 'VibeStatus'.\r\nsrc/vibe/types/VibeTypes.ts(262,13): error TS2300: Duplicate identifier 'VibeColorCode'.\r\nsrc/vibe/types/VibeTypes.ts(270,13): error TS2300: Duplicate identifier 'VibeErrorType'.\r\nsrc/vibe/types/VibeTypes.ts(296,3): error TS2322: Type '\"project\"' is not assignable to type 'VibeIntentType'.\r\nsrc/vibe/types/VibeTypes.ts(297,3): error TS2322: Type '\"code\"' is not assignable to type 'VibeIntentType'.\r\nsrc/vibe/types/VibeTypes.ts(298,3): error TS2322: Type '\"quality\"' is not assignable to type 'VibeIntentType'.\r\nsrc/vibe/types/VibeTypes.ts(300,3): error TS2322: Type '\"explanation\"' is not assignable to type 'VibeIntentType'.\r\nsrc/vibe/types/VibeTypes.ts(301,3): error TS2322: Type '\"improvement\"' is not assignable to type 'VibeIntentType'.\r\nsrc/vibe/types/VibeTypes.ts(303,3): error TS2322: Type '\"help\"' is not assignable to type 'VibeIntentType'.\r\nsrc/vibe/types/VibeTypes.ts(304,3): error TS2322: Type '\"config\"' is not assignable to type 'VibeIntentType'.\r\nsrc/vibe/types/VibeTypes.ts(305,3): error TS2322: Type '\"status\"' is not assignable to type 'VibeIntentType'.\r\n"
      },
      {
        "check": "ESLint",
        "status": "failed",
        "message": "Command failed: npm run lint:check",
        "output": "\n> smart-mcp@2.0.0 lint:check\n> eslint src/**/*.ts\n\n\nC:\\cursor\\TappMCP\\src\\brokers\\context7-broker.ts\n  1098:5  warning  'knowledgeSource' is defined but never used. Allowed unused args must match /^_/u  @typescript-eslint/no-unused-vars\n\nC:\\cursor\\TappMCP\\src\\context\\enhanced-integration\\DeepContext7Broker.ts\n   20:28  warning  'context' is defined but never used. Allowed unused args must match /^_/u          @typescript-eslint/no-unused-vars\n   21:33  warning  'context' is defined but never used. Allowed unused args must match /^_/u          @typescript-eslint/no-unused-vars\n   21:47  warning  'query' is defined but never used. Allowed unused args must match /^_/u            @typescript-eslint/no-unused-vars\n   21:62  warning  'toolName' is defined but never used. Allowed unused args must match /^_/u         @typescript-eslint/no-unused-vars\n   25:18  warning  'context' is defined but never used. Allowed unused args must match /^_/u          @typescript-eslint/no-unused-vars\n   26:20  warning  'compressed' is defined but never used. Allowed unused args must match /^_/u       @typescript-eslint/no-unused-vars\n   30:29  warning  'context' is defined but never used. Allowed unused args must match /^_/u          @typescript-eslint/no-unused-vars\n   30:43  warning  'sessionContexts' is defined but never used. Allowed unused args must match /^_/u  @typescript-eslint/no-unused-vars\n   31:25  warning  'suggestions' is defined but never used. Allowed unused args must match /^_/u      @typescript-eslint/no-unused-vars\n   31:45  warning  'query' is defined but never used. Allowed unused args must match /^_/u            @typescript-eslint/no-unused-vars\n   35:30  warning  'context' is defined but never used. Allowed unused args must match /^_/u          @typescript-eslint/no-unused-vars\n   35:44  warning  'feedback' is defined but never used. Allowed unused args must match /^_/u         @typescript-eslint/no-unused-vars\n   36:29  warning  'sessionContexts' is defined but never used. Allowed unused args must match /^_/u  @typescript-eslint/no-unused-vars\n  658:7   error    'ContextRelevanceScorer' is already defined                                        no-redeclare\n  702:7   error    'ContextCompressor' is already defined                                             no-redeclare\n  734:7   error    'ContextSuggestionEngine' is already defined                                       no-redeclare\n  867:7   error    'ContextLearningEngine' is already defined                                         no-redeclare\n\nC:\\cursor\\TappMCP\\src\\core\\context-preservation.ts\n  54:3  error  Useless constructor  no-useless-constructor\n\nC:\\cursor\\TappMCP\\src\\core\\context7-performance-optimizer.ts\n   26:13  error  'BatchRequest' was used before it was defined  no-use-before-define\n  444:9   error  Expected a default case                        default-case\n\nC:\\cursor\\TappMCP\\src\\core\\context7-project-analyzer.ts\n   16:13  error  'Context7Insights' was used before it was defined        no-use-before-define\n   32:20  error  'DomainSpecificInsights' was used before it was defined  no-use-before-define\n   33:23  error  'FrameworkPatterns' was used before it was defined       no-use-before-define\n   34:22  error  'SecurityInsights' was used before it was defined        no-use-before-define\n   35:25  error  'PerformanceInsights' was used before it was defined     no-use-before-define\n   36:27  error  'AccessibilityInsights' was used before it was defined   no-use-before-define\n   37:17  error  'SEOInsights' was used before it was defined             no-use-before-define\n   38:20  error  'MobileInsights' was used before it was defined          no-use-before-define\n   39:20  error  'DevOpsInsights' was used before it was defined          no-use-before-define\n  138:18  error  Redundant use of `await` on a return value               no-return-await\n  493:5   error  Expected a default case                                  default-case\n  655:5   error  Expected a default case                                  default-case\n\nC:\\cursor\\TappMCP\\src\\core\\dynamic-imports.ts\n  12:8   warning  'CodeGenerationRequest' is defined but never used. Allowed unused vars must match /^_/u  @typescript-eslint/no-unused-vars\n  13:8   warning  'CodeGenerationResult' is defined but never used. Allowed unused vars must match /^_/u   @typescript-eslint/no-unused-vars\n  20:28  error    'DynamicImportManager' was used before it was defined                                    no-use-before-define\n  24:3   error    Useless constructor                                                                      no-useless-constructor\n\nC:\\cursor\\TappMCP\\src\\core\\orchestration-engine.ts\n     74:11  error    'WorkflowPhase' was used before it was defined                                                    no-use-before-define\n    140:20  error    'Context7PhaseConfig' was used before it was defined                                              no-use-before-define\n    311:19  error    'ContextHistoryEntry' was used before it was defined                                              no-use-before-define\n    312:19  error    'WorkflowContext' was used before it was defined                                                  no-use-before-define\n    314:22  error    'ContextValidationResult' was used before it was defined                                          no-use-before-define\n    323:12  error    'WorkflowContext' was used before it was defined                                                  no-use-before-define\n    326:12  error    'ContextChange' was used before it was defined                                                    no-use-before-define\n    337:14  error    'ContextDecision' was used before it was defined                                                  no-use-before-define\n    338:14  error    'ContextArtifact' was used before it was defined                                                  no-use-before-define\n    339:18  error    'ContextRelationship' was used before it was defined                                              no-use-before-define\n    340:13  error    'ContextMetadata' was used before it was defined                                                  no-use-before-define\n    401:11  error    'ContextValidationIssue' was used before it was defined                                           no-use-before-define\n    439:24  error    'IntelligenceThresholds' was used before it was defined                                           no-use-before-define\n    475:19  error    'IntelligenceSourceTracking' was used before it was defined                                       no-use-before-define\n    481:12  error    'IntelligenceSource' was used before it was defined                                               no-use-before-define\n    520:34  error    'CategoryExpertise' was used before it was defined                                                no-use-before-define\n    531:18  error    'BestPractice' was used before it was defined                                                     no-use-before-define\n    532:19  error    'CommonPattern' was used before it was defined                                                    no-use-before-define\n    533:17  error    'AntiPattern' was used before it was defined                                                      no-use-before-define\n    534:10  error    'ExpertiseTool' was used before it was defined                                                    no-use-before-define\n    535:15  error    'ExpertiseFramework' was used before it was defined                                               no-use-before-define\n    612:23  error    'DeliveredKnowledge' was used before it was defined                                               no-use-before-define\n    643:11  error    'ExpertiseIssue' was used before it was defined                                                   no-use-before-define\n    664:24  error    'RelevanceThresholds' was used before it was defined                                              no-use-before-define\n    733:13  error    'RelevancePattern' was used before it was defined                                                 no-use-before-define\n    734:20  error    'UserPreference' was used before it was defined                                                   no-use-before-define\n    735:24  error    'ContextCorrelation' was used before it was defined                                               no-use-before-define\n    736:19  error    'SuccessFactor' was used before it was defined                                                    no-use-before-define\n    780:11  error    'WorkflowPhaseResult' was used before it was defined                                              no-use-before-define\n    781:18  error    'BusinessValueResult' was used before it was defined                                              no-use-before-define\n    783:21  error    'OrchestrationMetrics' was used before it was defined                                             no-use-before-define\n   1419:13  warning  'workflowExecutionTime' is assigned a value but never used. Allowed unused vars must match /^_/u  @typescript-eslint/no-unused-vars\n   1886:5   error    Expected a default case                                                                           default-case\n   1902:5   error    Expected a default case                                                                           default-case\n   2044:5   error    Expected a default case                                                                           default-case\n   2060:5   error    Expected a default case                                                                           default-case\n   2863:5   error    Expected a default case                                                                           default-case\n   3228:5   error    Expected a default case                                                                           default-case\n   4295:5   error    Expected a default case                                                                           default-case\n   4330:43  warning  'context' is defined but never used. Allowed unused args must match /^_/u                         @typescript-eslint/no-unused-vars\n   4339:5   error    Expected a default case                                                                           default-case\n   4363:38  warning  'context' is defined but never used. Allowed unused args must match /^_/u                         @typescript-eslint/no-unused-vars\n   4363:64  warning  'analysisResults' is defined but never used. Allowed unused args must match /^_/u                 @typescript-eslint/no-unused-vars\n   4371:5   error    Expected a default case                                                                           default-case\n   5022:5   error    Expected a default case                                                                           default-case\n   5516:7   error    Expected a default case                                                                           default-case\n   5571:5   error    Expected a default case                                                                           default-case\n   6192:9   error    Expected a default case                                                                           default-case\n   6558:5   error    Expected a default case                                                                           default-case\n   6763:5   error    Expected a default case                                                                           default-case\n   7537:7   error    Expected a default case                                                                           default-case\n   7871:11  error    Expected a default case                                                                           default-case\n   9672:5   error    Expected a default case                                                                           default-case\n  10341:5   error    Expected a default case                                                                           default-case\n  10369:5   error    Expected a default case                                                                           default-case\n\nC:\\cursor\\TappMCP\\src\\core\\prompt-optimization\\ContextAwareTemplateEngine-simplified.ts\n  34:34  error  'CrossSessionLearningEngine' was used before it was defined  no-use-before-define\n  35:31  error  'TemplatePerformanceTracker' was used before it was defined  no-use-before-define\n  40:38  error  'CrossSessionLearningEngine' was used before it was defined  no-use-before-define\n  41:35  error  'TemplatePerformanceTracker' was used before it was defined  no-use-before-define\n\nC:\\cursor\\TappMCP\\src\\core\\prompt-optimization\\ContextAwareTemplateEngine.test.ts\n  326:13  error  'engine' is already declared in the upper scope on line 18 column 7  no-shadow\n\nC:\\cursor\\TappMCP\\src\\core\\prompt-optimization\\ContextAwareTemplateEngine.ts\n   35:34  error  'CrossSessionLearningEngine' was used before it was defined  no-use-before-define\n   36:31  error  'TemplatePerformanceTracker' was used before it was defined  no-use-before-define\n   41:38  error  'CrossSessionLearningEngine' was used before it was defined  no-use-before-define\n   42:35  error  'TemplatePerformanceTracker' was used before it was defined  no-use-before-define\n  110:9   error  Unexpected template string expression                        no-template-curly-in-string\n  516:49  error  'ProcessLesson' was used before it was defined               no-use-before-define\n  517:47  error  'QualityPattern' was used before it was defined              no-use-before-define\n  518:46  error  'RoleCompliance' was used before it was defined              no-use-before-define\n  536:26  error  'ProcessLesson' was used before it was defined               no-use-before-define\n  570:27  error  'QualityPattern' was used before it was defined              no-use-before-define\n  605:27  error  'RoleCompliance' was used before it was defined              no-use-before-define\n  640:39  error  'ProcessLesson' was used before it was defined               no-use-before-define\n  649:25  error  'QualityPattern' was used before it was defined              no-use-before-define\n  656:36  error  'RoleCompliance' was used before it was defined              no-use-before-define\n\nC:\\cursor\\TappMCP\\src\\core\\quality-monitor.ts\n  26:11  error  'QualityIssue' was used before it was defined           no-use-before-define\n  27:20  error  'QualityRecommendation' was used before it was defined  no-use-before-define\n\nC:\\cursor\\TappMCP\\src\\core\\quality-scorecard.ts\n  58:11  error  'QualityIssue' was used before it was defined  no-use-before-define\n\nC:\\cursor\\TappMCP\\src\\core\\security-scanner.ts\n  7:20  error  'Vulnerability' was used before it was defined  no-use-before-define\n\nC:\\cursor\\TappMCP\\src\\core\\simple-analyzer.ts\n  13:12  error  'SimpleSummary' was used before it was defined  no-use-before-define\n\nC:\\cursor\\TappMCP\\src\\core\\static-analyzer.ts\n    7:11  error  'StaticIssue' was used before it was defined  no-use-before-define\n  289:21  error  Missing radix parameter                       radix\n  290:23  error  Missing radix parameter                       radix\n\nC:\\cursor\\TappMCP\\src\\dashboard\\RealTimeDataManager.ts\n    4:14  error    'WorkflowData' was used before it was defined        no-use-before-define\n    5:12  error    'PerformanceMetrics' was used before it was defined  no-use-before-define\n    6:17  error    'ValueMetrics' was used before it was defined        no-use-before-define\n    7:18  error    'NotificationData' was used before it was defined    no-use-before-define\n    8:17  error    'SystemHealthData' was used before it was defined    no-use-before-define\n   75:15  warning  'WebSocket' is not defined                           no-undef\n  129:23  warning  'WebSocket' is not defined                           no-undef\n\nC:\\cursor\\TappMCP\\src\\dashboard\\WebSocketClient.ts\n   25:46  warning  'EventListenerOrEventListenerObject' is not defined  no-undef\n   26:49  warning  'EventListenerOrEventListenerObject' is not defined  no-undef\n   43:15  warning  'WebSocket' is not defined                           no-undef\n   66:67  warning  'WebSocket' is not defined                           no-undef\n   74:23  warning  'WebSocket' is not defined                           no-undef\n  149:44  warning  'WebSocket' is not defined                           no-undef\n  265:42  warning  'WebSocket' is not defined                           no-undef\n  337:45  warning  'WebSocket' is not defined                           no-undef\n\nC:\\cursor\\TappMCP\\src\\deployment\\smoke-test.test.ts\n  34:23  error  Missing radix parameter  radix\n  35:17  error  Missing radix parameter  radix\n\nC:\\cursor\\TappMCP\\src\\examples\\framework-usage-example.ts\n  109:16  error    Redundant use of `await` on a return value                                        no-return-await\n  111:16  error    Redundant use of `await` on a return value                                        no-return-await\n  113:16  error    Redundant use of `await` on a return value                                        no-return-await\n  115:16  error    Redundant use of `await` on a return value                                        no-return-await\n  381:5   error    Expected a default case                                                           default-case\n  474:17  error    Unexpected template string expression                                             no-template-curly-in-string\n  475:12  warning  'error' is defined but never used. Allowed unused caught errors must match /^_/u  @typescript-eslint/no-unused-vars\n\nC:\\cursor\\TappMCP\\src\\external\\RealMCPClient.ts\n  32:3  error  Useless constructor  no-useless-constructor\n\nC:\\cursor\\TappMCP\\src\\final-integration.test.ts\n   35:7   error    'projectId' is never reassigned. Use 'const' instead                               prefer-const\n  245:17  warning  'result' is assigned a value but never used. Allowed unused vars must match /^_/u  @typescript-eslint/no-unused-vars\n  286:20  warning  'error' is defined but never used. Allowed unused caught errors must match /^_/u   @typescript-eslint/no-unused-vars\n  307:17  error    'results' is already declared in the upper scope on line 241 column 13             no-shadow\n\nC:\\cursor\\TappMCP\\src\\framework\\mcp-prompt.test.ts\n  18:3  error  Useless constructor  no-useless-constructor\n\nC:\\cursor\\TappMCP\\src\\framework\\mcp-resource.test.ts\n  17:3  error  Useless constructor  no-useless-constructor\n\nC:\\cursor\\TappMCP\\src\\framework\\mcp-resource.ts\n  108:14  error  Redundant use of `await` on a return value  no-return-await\n  112:12  error  Redundant use of `await` on a return value  no-return-await\n\nC:\\cursor\\TappMCP\\src\\framework\\mcp-tool.test.ts\n  13:3  error  Useless constructor  no-useless-constructor\n\nC:\\cursor\\TappMCP\\src\\health-server.test.ts\n  3:15  warning  'Server' is defined but never used. Allowed unused vars must match /^_/u  @typescript-eslint/no-unused-vars\n\nC:\\cursor\\TappMCP\\src\\health-server.ts\n  16:7  warning  'API_PORT' is assigned a value but never used. Allowed unused vars must match /^_/u  @typescript-eslint/no-unused-vars\n\nC:\\cursor\\TappMCP\\src\\icons\\types.ts\n  71:14  warning  'React' is not defined  no-undef\n\nC:\\cursor\\TappMCP\\src\\intelligence\\CategoryIntelligenceEngine.ts\n  28:12  error  'QualityAnalysis' was used before it was defined          no-use-before-define\n  29:20  error  'MaintainabilityAnalysis' was used before it was defined  no-use-before-define\n  30:16  error  'PerformanceAnalysis' was used before it was defined      no-use-before-define\n  31:13  error  'SecurityAnalysis' was used before it was defined         no-use-before-define\n  32:19  error  'AccessibilityAnalysis' was used before it was defined    no-use-before-define\n  33:9   error  'SEOAnalysis' was used before it was defined              no-use-before-define\n  34:17  error  'ScalabilityAnalysis' was used before it was defined      no-use-before-define\n  35:17  error  'ReliabilityAnalysis' was used before it was defined      no-use-before-define\n  36:12  error  'DevOpsAnalysis' was used before it was defined           no-use-before-define\n  37:12  error  'MobileAnalysis' was used before it was defined           no-use-before-define\n\nC:\\cursor\\TappMCP\\src\\intelligence\\CodeGeneration.e2e.test.ts\n   8:53  warning  'vi' is defined but never used. Allowed unused vars must match /^_/u                       @typescript-eslint/no-unused-vars\n  10:10  warning  'QualityAssuranceEngine' is defined but never used. Allowed unused vars must match /^_/u   @typescript-eslint/no-unused-vars\n  11:10  warning  'Context7ProjectAnalyzer' is defined but never used. Allowed unused vars must match /^_/u  @typescript-eslint/no-unused-vars\n  96:47  error    'getFileExtension' was used before it was defined                                          no-use-before-define\n\nC:\\cursor\\TappMCP\\src\\intelligence\\CodeOptimizationEngine.ts\n  293:22  error    Unexpected template string expression    no-template-curly-in-string\n  428:9   warning  Assignment to function parameter 'code'  no-param-reassign\n  430:9   warning  Assignment to function parameter 'code'  no-param-reassign\n  443:5   warning  Assignment to function parameter 'code'  no-param-reassign\n  449:5   warning  Assignment to function parameter 'code'  no-param-reassign\n  452:5   warning  Assignment to function parameter 'code'  no-param-reassign\n  456:7   warning  Assignment to function parameter 'code'  no-param-reassign\n  460:5   warning  Assignment to function parameter 'code'  no-param-reassign\n  464:7   warning  Assignment to function parameter 'code'  no-param-reassign\n\nC:\\cursor\\TappMCP\\src\\intelligence\\ErrorHandling.ts\n  230:16  error  Redundant use of `await` on a return value  no-return-await\n  425:5   error  Expected a default case                     default-case\n\nC:\\cursor\\TappMCP\\src\\intelligence\\PerformanceCache.test.ts\n  8:55  warning  'vi' is defined but never used. Allowed unused vars must match /^_/u  @typescript-eslint/no-unused-vars\n\nC:\\cursor\\TappMCP\\src\\intelligence\\PerformanceCache.ts\n  126:14  warning  'error' is defined but never used. Allowed unused caught errors must match /^_/u  @typescript-eslint/no-unused-vars\n  256:14  error    Redundant use of `await` on a return value                                        no-return-await\n  366:7   error    Expected a default case                                                           default-case\n\nC:\\cursor\\TappMCP\\src\\intelligence\\QualityAssuranceEngine.test.ts\n  8:44  warning  'vi' is defined but never used. Allowed unused vars must match /^_/u  @typescript-eslint/no-unused-vars\n\nC:\\cursor\\TappMCP\\src\\intelligence\\QualityAssuranceEngine.ts\n    19:15  error  'QualityBreakdown' was used before it was defined                                                           no-use-before-define\n    23:18  error  'QualityGrade' was used before it was defined                                                               no-use-before-define\n    24:11  error  'QualityTrend' was used before it was defined                                                               no-use-before-define\n    25:15  error  'QualityBenchmark' was used before it was defined                                                           no-use-before-define\n    26:16  error  'ComplianceStatus' was used before it was defined                                                           no-use-before-define\n    27:13  error  'QualityMetrics' was used before it was defined                                                             no-use-before-define\n    67:14  error  'ComplianceStandard' was used before it was defined                                                         no-use-before-define\n   243:18  error  Redundant use of `await` on a return value                                                                  no-return-await\n   330:5   error  Expected a default case                                                                                     default-case\n  1301:5   error  Expected a default case                                                                                     default-case\n  1706:5   error  The body of a for-in should be wrapped in an if statement to filter unwanted properties from the prototype  guard-for-in\n\nC:\\cursor\\TappMCP\\src\\intelligence\\ResponseQualityMetrics.ts\n   46:14  error    'QualityIssue' was used before it was defined                              no-use-before-define\n   50:27  error    'TemplateDetectionStats' was used before it was defined                    no-use-before-define\n  504:37  warning  'metrics' is defined but never used. Allowed unused args must match /^_/u  @typescript-eslint/no-unused-vars\n\nC:\\cursor\\TappMCP\\src\\intelligence\\ResponseRelevanceScorer.ts\n    6:22  warning  'IntelligenceScore' is defined but never used. Allowed unused vars must match /^_/u  @typescript-eslint/no-unused-vars\n    7:10  warning  'QualityMetrics' is defined but never used. Allowed unused vars must match /^_/u     @typescript-eslint/no-unused-vars\n   64:29  error    'SemanticAnalyzer' was used before it was defined                                    no-use-before-define\n   65:26  error    'IntentMatcher' was used before it was defined                                       no-use-before-define\n   66:27  error    'DomainAnalyzer' was used before it was defined                                      no-use-before-define\n   72:33  error    'SemanticAnalyzer' was used before it was defined                                    no-use-before-define\n   73:30  error    'IntentMatcher' was used before it was defined                                       no-use-before-define\n   74:31  error    'DomainAnalyzer' was used before it was defined                                      no-use-before-define\n  567:30  warning  'metrics' is defined but never used. Allowed unused args must match /^_/u            @typescript-eslint/no-unused-vars\n  572:26  warning  'metrics' is defined but never used. Allowed unused args must match /^_/u            @typescript-eslint/no-unused-vars\n  601:32  warning  'response' is defined but never used. Allowed unused args must match /^_/u           @typescript-eslint/no-unused-vars\n  641:5   warning  'metrics' is defined but never used. Allowed unused args must match /^_/u            @typescript-eslint/no-unused-vars\n\nC:\\cursor\\TappMCP\\src\\intelligence\\TechnologyDiscoveryEngine.ts\n  459:9  warning  Assignment to function parameter 'dataArray'  no-param-reassign\n\nC:\\cursor\\TappMCP\\src\\intelligence\\TemplateDetectionEngine.ts\n   33:11  error    'IntelligenceSource' was used before it was defined                                no-use-before-define\n  184:17  warning  'domain' is assigned a value but never used. Allowed unused vars must match /^_/u  @typescript-eslint/no-unused-vars\n\nC:\\cursor\\TappMCP\\src\\intelligence\\UnifiedCodeIntelligenceEngine.test.ts\n  13:10  warning  'Context7Data' is defined but never used. Allowed unused vars must match /^_/u  @typescript-eslint/no-unused-vars\n  27:55  warning  'input' is defined but never used. Allowed unused args must match /^_/u         @typescript-eslint/no-unused-vars\n  56:63  warning  'fallback' is defined but never used. Allowed unused args must match /^_/u      @typescript-eslint/no-unused-vars\n  57:69  warning  'fallback' is defined but never used. Allowed unused args must match /^_/u      @typescript-eslint/no-unused-vars\n  58:65  warning  'fallback' is defined but never used. Allowed unused args must match /^_/u      @typescript-eslint/no-unused-vars\n\nC:\\cursor\\TappMCP\\src\\intelligence\\UnifiedCodeIntelligenceEngine.ts\n  165:11  error    Redundant use of `await` on a return value                                                 no-return-await\n  188:21  error    Redundant use of `await` on a return value                                                 no-return-await\n  284:21  error    Redundant use of `await` on a return value                                                 no-return-await\n  288:18  error    Redundant use of `await` on a return value                                                 no-return-await\n  295:21  error    Redundant use of `await` on a return value                                                 no-return-await\n  709:11  warning  'commonPatterns' is assigned a value but never used. Allowed unused vars must match /^_/u  @typescript-eslint/no-unused-vars\n\nC:\\cursor\\TappMCP\\src\\intelligence\\engines\\BackendIntelligenceEngine.ts\n  364:27  error  Unexpected string concatenation of literals  no-useless-concat\n\nC:\\cursor\\TappMCP\\src\\intelligence\\engines\\GenericIntelligenceEngine.ts\n  992:5  warning  Assignment to function parameter 'code'  no-param-reassign\n  993:5  warning  Assignment to function parameter 'code'  no-param-reassign\n\nC:\\cursor\\TappMCP\\src\\intelligence\\engines\\backend\\BackendAnalyzer.ts\n   16:3  warning  'PerformanceAnalysis' is defined but never used. Allowed unused vars must match /^_/u  @typescript-eslint/no-unused-vars\n  813:9  warning  Assignment to function parameter 'code'                                                no-param-reassign\n  824:7  warning  Assignment to function parameter 'code'                                                no-param-reassign\n  829:7  warning  Assignment to function parameter 'code'                                                no-param-reassign\n\nC:\\cursor\\TappMCP\\src\\intelligence\\engines\\database\\DataIntegrityAnalyzer.ts\n  113:24  error  Missing radix parameter  radix\n\nC:\\cursor\\TappMCP\\src\\intelligence\\engines\\database\\DatabaseAnalyzer.ts\n  531:9  warning  Assignment to function parameter 'code'  no-param-reassign\n  543:7  warning  Assignment to function parameter 'code'  no-param-reassign\n  547:7  warning  Assignment to function parameter 'code'  no-param-reassign\n  557:7  warning  Assignment to function parameter 'code'  no-param-reassign\n\nC:\\cursor\\TappMCP\\src\\intelligence\\engines\\frontend\\FrontendAnalyzer.ts\n   74:50  warning  'quality' is assigned a value but never used. Allowed unused vars must match /^_/u  @typescript-eslint/no-unused-vars\n  403:7   warning  Assignment to function parameter 'code'                                             no-param-reassign\n  417:7   warning  Assignment to function parameter 'code'                                             no-param-reassign\n\nC:\\cursor\\TappMCP\\src\\mcp-docker-server.ts\n  17:10  warning  'z' is defined but never used. Allowed unused vars must match /^_/u  @typescript-eslint/no-unused-vars\n\nC:\\cursor\\TappMCP\\src\\mcp-only-server.ts\n  127:17  warning  'tool' is assigned a value but never used. Allowed unused vars must match /^_/u  @typescript-eslint/no-unused-vars\n\nC:\\cursor\\TappMCP\\src\\mcp-stdio-server.ts\n  104:13  warning  'toolName' is assigned a value but never used. Allowed unused vars must match /^_/u            @typescript-eslint/no-unused-vars\n  123:17  warning  'tool' is assigned a value but never used. Allowed unused vars must match /^_/u                @typescript-eslint/no-unused-vars\n  194:9   warning  'originalConsoleLog' is assigned a value but never used. Allowed unused vars must match /^_/u  @typescript-eslint/no-unused-vars\n\nC:\\cursor\\TappMCP\\src\\minimal-mcp-server.ts\n  371:13  warning  'toolName' is assigned a value but never used. Allowed unused vars must match /^_/u            @typescript-eslint/no-unused-vars\n  390:17  warning  'tool' is assigned a value but never used. Allowed unused vars must match /^_/u                @typescript-eslint/no-unused-vars\n  461:9   warning  'originalConsoleLog' is assigned a value but never used. Allowed unused vars must match /^_/u  @typescript-eslint/no-unused-vars\n\nC:\\cursor\\TappMCP\\src\\notifications\\NotificationManager.ts\n  79:12  error  Redundant use of `await` on a return value  no-return-await\n  89:12  error  Redundant use of `await` on a return value  no-return-await\n  99:12  error  Redundant use of `await` on a return value  no-return-await\n\nC:\\cursor\\TappMCP\\src\\notifications\\channels\\EmailChannel.ts\n   8:31  warning  'NotificationChannel' is defined but never used. Allowed unused vars must match /^_/u  @typescript-eslint/no-unused-vars\n  52:39  warning  'success' is defined but never used. Allowed unused args must match /^_/u              @typescript-eslint/no-unused-vars\n\nC:\\cursor\\TappMCP\\src\\notifications\\channels\\PushChannel.ts\n   8:31  warning  'NotificationChannel' is defined but never used. Allowed unused vars must match /^_/u  @typescript-eslint/no-unused-vars\n  91:13  warning  'result' is assigned a value but never used. Allowed unused vars must match /^_/u      @typescript-eslint/no-unused-vars\n\nC:\\cursor\\TappMCP\\src\\notifications\\channels\\WebSocketChannel.ts\n  8:31  warning  'NotificationChannel' is defined but never used. Allowed unused vars must match /^_/u  @typescript-eslint/no-unused-vars\n\nC:\\cursor\\TappMCP\\src\\optimization\\ExecutionEngine.ts\n  275:31  error  Function declared in a loop contains unsafe references to variable(s) 'retryCount'  no-loop-func\n\nC:\\cursor\\TappMCP\\src\\patterns\\CodeReusePatternEngine.ts\n   53:7   warning  'CodePatternSchema' is assigned a value but only used as a type. Allowed unused vars must match /^_/u        @typescript-eslint/no-unused-vars\n   89:7   warning  'PatternSuggestionSchema' is assigned a value but only used as a type. Allowed unused vars must match /^_/u  @typescript-eslint/no-unused-vars\n  101:7   warning  'SimilarityResultSchema' is assigned a value but only used as a type. Allowed unused vars must match /^_/u   @typescript-eslint/no-unused-vars\n  632:21  error    Missing radix parameter                                                                                      radix\n\nC:\\cursor\\TappMCP\\src\\performance.test.ts\n  216:35  error  'timeAsyncCall' was used before it was defined  no-use-before-define\n  217:16  error  Redundant use of `await` on a return value      no-return-await\n  224:37  error  'timeAsyncCall' was used before it was defined  no-use-before-define\n  225:16  error  Redundant use of `await` on a return value      no-return-await\n\nC:\\cursor\\TappMCP\\src\\prompts\\code-review-prompt.test.ts\n  110:13  warning  'config' is assigned a value but never used. Allowed unused vars must match /^_/u  @typescript-eslint/no-unused-vars\n  121:13  warning  'config' is assigned a value but never used. Allowed unused vars must match /^_/u  @typescript-eslint/no-unused-vars\n  152:13  warning  'config' is assigned a value but never used. Allowed unused vars must match /^_/u  @typescript-eslint/no-unused-vars\n  189:13  warning  'config' is assigned a value but never used. Allowed unused vars must match /^_/u  @typescript-eslint/no-unused-vars\n  225:13  warning  'config' is assigned a value but never used. Allowed unused vars must match /^_/u  @typescript-eslint/no-unused-vars\n  266:13  warning  'config' is assigned a value but never used. Allowed unused vars must match /^_/u  @typescript-eslint/no-unused-vars\n  314:13  warning  'config' is assigned a value but never used. Allowed unused vars must match /^_/u  @typescript-eslint/no-unused-vars\n  339:13  warning  'config' is assigned a value but never used. Allowed unused vars must match /^_/u  @typescript-eslint/no-unused-vars\n  379:13  warning  'config' is assigned a value but never used. Allowed unused vars must match /^_/u  @typescript-eslint/no-unused-vars\n  411:13  warning  'config' is assigned a value but never used. Allowed unused vars must match /^_/u  @typescript-eslint/no-unused-vars\n  441:13  warning  'config' is assigned a value but never used. Allowed unused vars must match /^_/u  @typescript-eslint/no-unused-vars\n  469:13  warning  'config' is assigned a value but never used. Allowed unused vars must match /^_/u  @typescript-eslint/no-unused-vars\n  499:13  warning  'config' is assigned a value but never used. Allowed unused vars must match /^_/u  @typescript-eslint/no-unused-vars\n\nC:\\cursor\\TappMCP\\src\\prompts\\documentation-prompt.test.ts\n  129:13  warning  'config' is assigned a value but never used. Allowed unused vars must match /^_/u  @typescript-eslint/no-unused-vars\n  140:13  warning  'config' is assigned a value but never used. Allowed unused vars must match /^_/u  @typescript-eslint/no-unused-vars\n  167:13  warning  'config' is assigned a value but never used. Allowed unused vars must match /^_/u  @typescript-eslint/no-unused-vars\n  204:13  warning  'config' is assigned a value but never used. Allowed unused vars must match /^_/u  @typescript-eslint/no-unused-vars\n  243:13  warning  'config' is assigned a value but never used. Allowed unused vars must match /^_/u  @typescript-eslint/no-unused-vars\n  284:13  warning  'config' is assigned a value but never used. Allowed unused vars must match /^_/u  @typescript-eslint/no-unused-vars\n  322:13  warning  'config' is assigned a value but never used. Allowed unused vars must match /^_/u  @typescript-eslint/no-unused-vars\n  347:13  warning  'config' is assigned a value but never used. Allowed unused vars must match /^_/u  @typescript-eslint/no-unused-vars\n  384:13  warning  'config' is assigned a value but never used. Allowed unused vars must match /^_/u  @typescript-eslint/no-unused-vars\n  415:13  warning  'config' is assigned a value but never used. Allowed unused vars must match /^_/u  @typescript-eslint/no-unused-vars\n  443:13  warning  'config' is assigned a value but never used. Allowed unused vars must match /^_/u  @typescript-eslint/no-unused-vars\n\nC:\\cursor\\TappMCP\\src\\prompts\\error-analysis-prompt.test.ts\n   80:13  warning  'config' is assigned a value but never used. Allowed unused vars must match /^_/u  @typescript-eslint/no-unused-vars\n   91:13  warning  'config' is assigned a value but never used. Allowed unused vars must match /^_/u  @typescript-eslint/no-unused-vars\n  116:13  warning  'config' is assigned a value but never used. Allowed unused vars must match /^_/u  @typescript-eslint/no-unused-vars\n  155:13  warning  'config' is assigned a value but never used. Allowed unused vars must match /^_/u  @typescript-eslint/no-unused-vars\n  184:13  warning  'config' is assigned a value but never used. Allowed unused vars must match /^_/u  @typescript-eslint/no-unused-vars\n  208:13  warning  'config' is assigned a value but never used. Allowed unused vars must match /^_/u  @typescript-eslint/no-unused-vars\n  246:13  warning  'config' is assigned a value but never used. Allowed unused vars must match /^_/u  @typescript-eslint/no-unused-vars\n  285:13  warning  'config' is assigned a value but never used. Allowed unused vars must match /^_/u  @typescript-eslint/no-unused-vars\n  311:13  warning  'config' is assigned a value but never used. Allowed unused vars must match /^_/u  @typescript-eslint/no-unused-vars\n\nC:\\cursor\\TappMCP\\src\\resources\\api-resource-mock.ts\n  324:7   error    Expected a default case                                                           default-case\n  371:14  warning  'error' is defined but never used. Allowed unused caught errors must match /^_/u  @typescript-eslint/no-unused-vars\n\nC:\\cursor\\TappMCP\\src\\resources\\api-resource.ts\n  365:7   error    Expected a default case                                                           default-case\n  412:14  warning  'error' is defined but never used. Allowed unused caught errors must match /^_/u  @typescript-eslint/no-unused-vars\n\nC:\\cursor\\TappMCP\\src\\resources\\database-resource.ts\n  559:14  error  Redundant use of `await` on a return value  no-return-await\n\nC:\\cursor\\TappMCP\\src\\server.test.ts\n   66:13  warning  'server' is assigned a value but never used. Allowed unused vars must match /^_/u               @typescript-eslint/no-unused-vars\n   80:7   error    Do not use 'new' for side effects                                                               no-new\n   88:7   error    Do not use 'new' for side effects                                                               no-new\n   95:7   error    Do not use 'new' for side effects                                                               no-new\n  124:7   error    Do not use 'new' for side effects                                                               no-new\n  142:7   error    Do not use 'new' for side effects                                                               no-new\n  159:7   error    Do not use 'new' for side effects                                                               no-new\n  203:7   error    Do not use 'new' for side effects                                                               no-new\n  206:13  warning  'originalListHandler' is assigned a value but never used. Allowed unused vars must match /^_/u  @typescript-eslint/no-unused-vars\n  211:26  error    Redundant use of `await` on a return value                                                      no-return-await\n  215:7   error    Do not use 'new' for side effects                                                               no-new\n\nC:\\cursor\\TappMCP\\src\\server.ts\n  136:17  warning  'tool' is assigned a value but never used. Allowed unused vars must match /^_/u                @typescript-eslint/no-unused-vars\n  217:9   warning  'originalConsoleLog' is assigned a value but never used. Allowed unused vars must match /^_/u  @typescript-eslint/no-unused-vars\n\nC:\\cursor\\TappMCP\\src\\simple-mcp-server.ts\n  304:13  warning  'toolName' is assigned a value but never used. Allowed unused vars must match /^_/u  @typescript-eslint/no-unused-vars\n  323:17  warning  'tool' is assigned a value but never used. Allowed unused vars must match /^_/u      @typescript-eslint/no-unused-vars\n\nC:\\cursor\\TappMCP\\src\\tools\\smart-begin.ts\n    5:10  warning  'Context7Broker' is defined but never used. Allowed unused vars must match /^_/u  @typescript-eslint/no-unused-vars\n  382:20  warning  'error' is defined but never used. Allowed unused caught errors must match /^_/u  @typescript-eslint/no-unused-vars\n  480:21  error    'generateProjectTemplates' was used before it was defined                         no-use-before-define\n\nC:\\cursor\\TappMCP\\src\\tools\\smart-finish.ts\n  252:11  warning  'securityScanner' is assigned a value but never used. Allowed unused vars must match /^_/u  @typescript-eslint/no-unused-vars\n  253:11  warning  'staticAnalyzer' is assigned a value but never used. Allowed unused vars must match /^_/u   @typescript-eslint/no-unused-vars\n  254:11  warning  'projectScanner' is assigned a value but never used. Allowed unused vars must match /^_/u   @typescript-eslint/no-unused-vars\n  281:36  error    'calculateRealTestCoverage' was used before it was defined                                  no-use-before-define\n  334:37  error    'generateComprehensiveValidation' was used before it was defined                            no-use-before-define\n  342:31  error    'generateProcessComplianceValidation' was used before it was defined                        no-use-before-define\n  349:33  error    'generateLearningIntegration' was used before it was defined                                no-use-before-define\n  356:41  error    'generateRoleSpecificRecommendations' was used before it was defined                        no-use-before-define\n  366:28  error    'generateRoleSpecificSuccessMetrics' was used before it was defined                         no-use-before-define\n  374:23  error    'generateNextSteps' was used before it was defined                                          no-use-before-define\n\nC:\\cursor\\TappMCP\\src\\tools\\smart-orchestrate.ts\n  545:37  error  'generateOrchestrationValidation' was used before it was defined      no-use-before-define\n  553:31  error  'generateProcessComplianceValidation' was used before it was defined  no-use-before-define\n  560:33  error  'generateLearningIntegration' was used before it was defined          no-use-before-define\n\nC:\\cursor\\TappMCP\\src\\tools\\smart-plan.ts\n  369:20  error  'generateProjectPhases' was used before it was defined           no-use-before-define\n  459:29  error  'generateDetailedRoadmap' was used before it was defined         no-use-before-define\n  466:31  error  'generateProcessCompliance' was used before it was defined       no-use-before-define\n  472:33  error  'generateLearningIntegration' was used before it was defined     no-use-before-define\n  839:21  error  'generateQualityGatesForTask' was used before it was defined     no-use-before-define\n  841:17  error  'generateMilestonesForPhase' was used before it was defined      no-use-before-define\n  850:19  error  'generateCriticalPath' was used before it was defined            no-use-before-define\n  853:26  error  'generateRiskMitigation' was used before it was defined          no-use-before-define\n  854:24  error  'generateQualityGatesForRoadmap' was used before it was defined  no-use-before-define\n\nC:\\cursor\\TappMCP\\src\\tools\\smart-vibe.ts\n  353:13  error  'vibeInstance' is already declared in the upper scope on line 119 column 5  no-shadow\n\nC:\\cursor\\TappMCP\\src\\tools\\smart-write.test.ts\n  3:36  warning  'beforeEach' is defined but never used. Allowed unused vars must match /^_/u  @typescript-eslint/no-unused-vars\n\nC:\\cursor\\TappMCP\\src\\tools\\smart-write\\CodeGenerator.ts\n  654:5  error  Expected a default case  default-case\n\nC:\\cursor\\TappMCP\\src\\tools\\smart-write\\QualityValidator.ts\n   27:11  error  'QualityIssue' was used before it was defined    no-use-before-define\n   29:12  error  'QualityMetrics' was used before it was defined  no-use-before-define\n  952:9   error  Expected a default case                          default-case\n  989:7   error  Expected a default case                          default-case\n\nC:\\cursor\\TappMCP\\src\\tools\\smart-write\\SmartWriteCore.ts\n   17:25  warning  'GeneratedCode' is defined but never used. Allowed unused vars must match /^_/u    @typescript-eslint/no-unused-vars\n   68:6   warning  'SmartWriteInput' is defined but never used. Allowed unused vars must match /^_/u  @typescript-eslint/no-unused-vars\n  452:10  error    Redundant use of `await` on a return value                                         no-return-await\n\nC:\\cursor\\TappMCP\\src\\tracing\\CallTreeTracer.ts\n  8:50  warning  'TraceMetrics' is defined but never used. Allowed unused vars must match /^_/u  @typescript-eslint/no-unused-vars\n\nC:\\cursor\\TappMCP\\src\\utils\\tool-availability-checker.ts\n  88:11  warning  'isDocker' is assigned a value but never used. Allowed unused vars must match /^_/u  @typescript-eslint/no-unused-vars\n  98:16  warning  'error' is defined but never used. Allowed unused caught errors must match /^_/u     @typescript-eslint/no-unused-vars\n\nC:\\cursor\\TappMCP\\src\\vibe\\VerbosityDetection.test.ts\n  3:10  warning  'VibeVerbosity' is defined but never used. Allowed unused vars must match /^_/u  @typescript-eslint/no-unused-vars\n\nC:\\cursor\\TappMCP\\src\\vibe\\VibeCLI.ts\n   12:10  warning  'VibeRole' is defined but never used. Allowed unused vars must match /^_/u          @typescript-eslint/no-unused-vars\n   12:20  warning  'VibeQualityLevel' is defined but never used. Allowed unused vars must match /^_/u  @typescript-eslint/no-unused-vars\n   12:38  warning  'VibeVerbosity' is defined but never used. Allowed unused vars must match /^_/u     @typescript-eslint/no-unused-vars\n   12:53  warning  'VibeMode' is defined but never used. Allowed unused vars must match /^_/u          @typescript-eslint/no-unused-vars\n  456:30  error    Missing radix parameter                                                             radix\n\nC:\\cursor\\TappMCP\\src\\vibe\\VibeCoder.test.ts\n  11:10  warning  'VibeRole' is defined but never used. Allowed unused vars must match /^_/u          @typescript-eslint/no-unused-vars\n  11:20  warning  'VibeQualityLevel' is defined but never used. Allowed unused vars must match /^_/u  @typescript-eslint/no-unused-vars\n  11:38  warning  'VibeVerbosity' is defined but never used. Allowed unused vars must match /^_/u     @typescript-eslint/no-unused-vars\n\nC:\\cursor\\TappMCP\\src\\vibe\\VibeFormatter.test.ts\n  274:13  error  'config' is already declared in the upper scope on line 14 column 7     no-shadow\n  275:13  error  'formatter' is already declared in the upper scope on line 13 column 7  no-shadow\n\nC:\\cursor\\TappMCP\\src\\vibe\\__tests__\\quality\\context7\\Context7QualityAnalyzer.test.ts\n  107:13  warning  'originalAnalyze' is assigned a value but never used. Allowed unused vars must match /^_/u  @typescript-eslint/no-unused-vars\n\nC:\\cursor\\TappMCP\\src\\vibe\\adapters\\SmartBeginAdapter.ts\n  96:14  warning  'error' is defined but never used. Allowed unused caught errors must match /^_/u  @typescript-eslint/no-unused-vars\n\nC:\\cursor\\TappMCP\\src\\vibe\\adapters\\SmartFinishAdapter.ts\n  70:14  warning  'error' is defined but never used. Allowed unused caught errors must match /^_/u  @typescript-eslint/no-unused-vars\n\nC:\\cursor\\TappMCP\\src\\vibe\\adapters\\SmartOrchestrateAdapter.ts\n  95:14  warning  'error' is defined but never used. Allowed unused caught errors must match /^_/u  @typescript-eslint/no-unused-vars\n\nC:\\cursor\\TappMCP\\src\\vibe\\adapters\\SmartPlanAdapter.ts\n  68:14  warning  'error' is defined but never used. Allowed unused caught errors must match /^_/u  @typescript-eslint/no-unused-vars\n\nC:\\cursor\\TappMCP\\src\\vibe\\adapters\\SmartThoughtProcessAdapter.ts\n  60:14  warning  'error' is defined but never used. Allowed unused caught errors must match /^_/u  @typescript-eslint/no-unused-vars\n\nC:\\cursor\\TappMCP\\src\\vibe\\adapters\\SmartWriteAdapter.ts\n  70:14  warning  'error' is defined but never used. Allowed unused caught errors must match /^_/u  @typescript-eslint/no-unused-vars\n\nC:\\cursor\\TappMCP\\src\\vibe\\config\\VibeConfig.ts\n  157:14  warning  'error' is defined but never used. Allowed unused caught errors must match /^_/u  @typescript-eslint/no-unused-vars\n\nC:\\cursor\\TappMCP\\src\\vibe\\core\\ActionOrchestrator.ts\n  13:3  warning  'VibeIntentType' is defined but never used. Allowed unused vars must match /^_/u  @typescript-eslint/no-unused-vars\n  14:3  warning  'VibeRole' is defined but never used. Allowed unused vars must match /^_/u        @typescript-eslint/no-unused-vars\n\nC:\\cursor\\TappMCP\\src\\vibe\\core\\ContextManager.ts\n  331:14  warning  'error' is defined but never used. Allowed unused caught errors must match /^_/u  @typescript-eslint/no-unused-vars\n\nC:\\cursor\\TappMCP\\src\\vibe\\core\\ErrorHandler.ts\n   11:3  warning  'VibeErrorType' is defined but never used. Allowed unused vars must match /^_/u  @typescript-eslint/no-unused-vars\n  181:5  error    Expected a default case                                                          default-case\n  228:5  error    Expected a default case                                                          default-case\n\nC:\\cursor\\TappMCP\\src\\vibe\\core\\VibeFormatter.ts\n  209:5  error  Expected a default case  default-case\n  300:5  error  Expected a default case  default-case\n  380:9  error  Expected a default case  default-case\n  460:5  error  Expected a default case  default-case\n\nC:\\cursor\\TappMCP\\src\\vibe\\core\\VibeTapp.ts\n   18:3   warning  'VibeError' is defined but never used. Allowed unused vars must match /^_/u            @typescript-eslint/no-unused-vars\n   24:3   warning  'VIBE_STATUS_SYMBOLS' is defined but never used. Allowed unused vars must match /^_/u  @typescript-eslint/no-unused-vars\n  471:12  error    Redundant use of `await` on a return value                                             no-return-await\n  478:12  error    Redundant use of `await` on a return value                                             no-return-await\n  516:12  error    Redundant use of `await` on a return value                                             no-return-await\n\nC:\\cursor\\TappMCP\\src\\vibe\\health-check.ts\n  60:11  warning  'toolAdapters' is assigned a value but never used. Allowed unused vars must match /^_/u  @typescript-eslint/no-unused-vars\n\nC:\\cursor\\TappMCP\\src\\vibe\\metrics\\MetricsCollector.ts\n   10:28  error  'MetricsCollector' was used before it was defined  no-use-before-define\n  135:5   error  Expected a default case                            default-case\n\nC:\\cursor\\TappMCP\\src\\vibe\\monitoring\\VibeDashboard.ts\n   51:11  warning  'performance' is assigned a value but never used. Allowed unused vars must match /^_/u  @typescript-eslint/no-unused-vars\n  538:14  warning  'error' is defined but never used. Allowed unused caught errors must match /^_/u        @typescript-eslint/no-unused-vars\n\nC:\\cursor\\TappMCP\\src\\vibe\\monitoring\\VibeHealthCheck.ts\n  100:13  warning  'stats' is assigned a value but never used. Allowed unused vars must match /^_/u    @typescript-eslint/no-unused-vars\n  102:14  warning  'error' is defined but never used. Allowed unused caught errors must match /^_/u    @typescript-eslint/no-unused-vars\n  114:14  warning  'error' is defined but never used. Allowed unused caught errors must match /^_/u    @typescript-eslint/no-unused-vars\n  136:14  warning  'error' is defined but never used. Allowed unused caught errors must match /^_/u    @typescript-eslint/no-unused-vars\n  177:11  warning  'metrics' is assigned a value but never used. Allowed unused vars must match /^_/u  @typescript-eslint/no-unused-vars\n  203:11  warning  'metrics' is assigned a value but never used. Allowed unused vars must match /^_/u  @typescript-eslint/no-unused-vars\n\nC:\\cursor\\TappMCP\\src\\vibe\\monitoring\\VibeMetrics.ts\n   23:19  error    'VibeRequestRecord' was used before it was defined                                      no-use-before-define\n  579:44  warning  'success' is defined but never used. Allowed unused args must match /^_/u               @typescript-eslint/no-unused-vars\n  665:11  warning  'performance' is assigned a value but never used. Allowed unused vars must match /^_/u  @typescript-eslint/no-unused-vars\n\nC:\\cursor\\TappMCP\\src\\vibe\\monitoring\\monitoring.config.ts\n  170:15  error  Missing radix parameter  radix\n  185:26  error  Missing radix parameter  radix\n\nC:\\cursor\\TappMCP\\src\\vibe\\quality\\context7\\Context7QualityCache.ts\n  183:19  warning  'timestamp' is assigned a value but never used. Allowed unused vars must match /^_/u    @typescript-eslint/no-unused-vars\n  299:13  warning  'contextKey' is assigned a value but never used. Allowed unused vars must match /^_/u   @typescript-eslint/no-unused-vars\n  305:13  warning  'analysisKey' is assigned a value but never used. Allowed unused vars must match /^_/u  @typescript-eslint/no-unused-vars\n\nC:\\cursor\\TappMCP\\src\\vibe\\quality\\context7\\Context7QualityEngine.ts\n    4:10  warning  'Context7QualityContext' is defined but never used. Allowed unused vars must match /^_/u  @typescript-eslint/no-unused-vars\n   20:81  error    'CodeAnalysis' was used before it was defined                                             no-use-before-define\n   21:25  error    'CodeGenerationRequest' was used before it was defined                                    no-use-before-define\n   26:59  error    'ValidationResult' was used before it was defined                                         no-use-before-define\n   30:77  error    'TechnologyInsights' was used before it was defined                                       no-use-before-define\n   31:49  error    'TechnologyInsights' was used before it was defined                                       no-use-before-define\n  318:12  error    Redundant use of `await` on a return value                                                no-return-await\n  329:12  error    Redundant use of `await` on a return value                                                no-return-await\n\nC:\\cursor\\TappMCP\\src\\vibe\\standalone\\VibeCoderStandalone.ts\n  168:16  error  Redundant use of `await` on a return value  no-return-await\n  170:16  error  Redundant use of `await` on a return value  no-return-await\n  172:16  error  Redundant use of `await` on a return value  no-return-await\n  174:16  error  Redundant use of `await` on a return value  no-return-await\n  176:16  error  Redundant use of `await` on a return value  no-return-await\n  178:16  error  Redundant use of `await` on a return value  no-return-await\n  180:16  error  Redundant use of `await` on a return value  no-return-await\n\nC:\\cursor\\TappMCP\\src\\vibe\\types\\VibeTypes.ts\n   36:13  error  'VibeOptions' was used before it was defined           no-use-before-define\n   37:13  error  'VibeContext' was used before it was defined           no-use-before-define\n   75:13  error  'VibeResponseDetails' was used before it was defined   no-use-before-define\n   77:14  error  'VibeLearningContent' was used before it was defined   no-use-before-define\n   78:13  error  'VibeResponseMetrics' was used before it was defined   no-use-before-define\n   82:12  error  'VibeVisualData' was used before it was defined        no-use-before-define\n   88:14  error  'VibeProgressInfo' was used before it was defined      no-use-before-define\n   90:12  error  'VibeVisualElements' was used before it was defined    no-use-before-define\n  112:14  error  'VibeResource' was used before it was defined          no-use-before-define\n  127:19  error  'VibeBusinessValue' was used before it was defined     no-use-before-define\n  128:22  error  'VibeTechnicalMetrics' was used before it was defined  no-use-before-define\n  151:15  error  'VibeIntentParameters' was used before it was defined  no-use-before-define\n  210:13  error  'VibeRole' is already defined                          no-redeclare\n  217:13  error  'VibeQualityLevel' is already defined                  no-redeclare\n  223:13  error  'VibeVerbosity' is already defined                     no-redeclare\n  228:13  error  'VibeMode' is already defined                          no-redeclare\n  233:13  error  'VibeEmojiLevel' is already defined                    no-redeclare\n  238:13  error  'VibeTechnicalLevel' is already defined                no-redeclare\n  243:13  error  'VibeIntentType' is already defined                    no-redeclare\n  255:13  error  'VibeStatus' is already defined                        no-redeclare\n  262:13  error  'VibeColorCode' is already defined                     no-redeclare\n  270:13  error  'VibeErrorType' is already defined                     no-redeclare\n  334:13  error  'VibeBrandingData' was used before it was defined      no-use-before-define\n  335:14  error  'VibeToolChainData' was used before it was defined     no-use-before-define\n  336:12  error  'VibeVisualMetrics' was used before it was defined     no-use-before-define\n  337:15  error  'VibeProcessingData' was used before it was defined    no-use-before-define\n  345:16  error  'VibeColorScheme' was used before it was defined       no-use-before-define\n  349:10  error  'VibeToolInfo' was used before it was defined          no-use-before-define\n\nC:\\cursor\\TappMCP\\src\\vibe\\utils\\Logger.ts\n  106:5  error  Expected a default case  default-case\n\nC:\\cursor\\TappMCP\\src\\vibe\\visual\\VibeToolChain.ts\n  180:11  warning  'pendingTools' is assigned a value but never used. Allowed unused vars must match /^_/u  @typescript-eslint/no-unused-vars\n\nC:\\cursor\\TappMCP\\src\\visualization\\ExportUtils.ts\n    6:13  warning  'd3' is defined but never used. Allowed unused vars must match /^_/u        @typescript-eslint/no-unused-vars\n   30:28  error    'DashboardExporter' was used before it was defined                          no-use-before-define\n   44:31  warning  'SVGSVGElement' is not defined                                              no-undef\n   48:24  warning  'document' is not defined                                                   no-undef\n   66:29  warning  'XMLSerializer' is not defined                                              no-undef\n   70:25  warning  'Image' is not defined                                                      no-undef\n  104:31  warning  'SVGSVGElement' is not defined                                              no-undef\n  107:55  warning  'SVGSVGElement' is not defined                                              no-undef\n  120:29  warning  'XMLSerializer' is not defined                                              no-undef\n  163:31  warning  'SVGSVGElement' is not defined                                              no-undef\n  166:27  warning  'window' is not defined                                                     no-undef\n  172:27  warning  'XMLSerializer' is not defined                                              no-undef\n  251:17  warning  'SVGSVGElement' is not defined                                              no-undef\n  267:9   error    Expected a default case                                                     default-case\n  295:46  warning  'mimeType' is defined but never used. Allowed unused args must match /^_/u  @typescript-eslint/no-unused-vars\n  297:18  warning  'document' is not defined                                                   no-undef\n  302:5   warning  'document' is not defined                                                   no-undef\n  304:5   warning  'document' is not defined                                                   no-undef\n  313:58  warning  'SVGMetadataElement' is not defined                                         no-undef\n  314:22  warning  'document' is not defined                                                   no-undef\n  315:29  warning  'document' is not defined                                                   no-undef\n\nC:\\cursor\\TappMCP\\src\\websocket\\types.ts\n  57:10  error  'WorkflowNode' was used before it was defined        no-use-before-define\n  58:16  error  'WorkflowConnection' was used before it was defined  no-use-before-define\n\nC:\\cursor\\TappMCP\\src\\workflow\\types.ts\n  14:9   error  'WorkflowNodeType' was used before it was defined    no-use-before-define\n  15:11  error  'WorkflowNodeStatus' was used before it was defined  no-use-before-define\n  37:9   error  'WorkflowEdgeType' was used before it was defined    no-use-before-define\n\nC:\\cursor\\TappMCP\\src\\workflows\\simple-sdlc-workflow.test.ts\n  96:14  warning  'error' is defined but never used. Allowed unused caught errors must match /^_/u  @typescript-eslint/no-unused-vars\n\nC:\\cursor\\TappMCP\\src\\workflows\\simple-sdlc-workflow.ts\n   20:15  error  'WorkflowPhaseResult' was used before it was defined  no-use-before-define\n   21:15  error  'WorkflowPhaseResult' was used before it was defined  no-use-before-define\n   22:21  error  'WorkflowPhaseResult' was used before it was defined  no-use-before-define\n   23:17  error  'WorkflowPhaseResult' was used before it was defined  no-use-before-define\n  348:5   error  Expected a default case                               default-case\n\n 487 problems (283 errors, 204 warnings)\n\n"
      },
      {
        "check": "Prettier",
        "status": "failed",
        "message": "[\u001b[33mwarn\u001b[39m] src/brokers/context7-broker.ts\n[\u001b[33mwarn\u001b[39m] src/brokers/memory-broker.ts\n[\u001b[33mwarn\u001b[39m] src/context/enhanced-integration/DeepContext7Broker.ts\n[\u001b[33mwarn\u001b[39m] src/context/persistence/ContextPersistenceEngine.ts\n[\u001b[33mwarn\u001b[39m] src/core/business-analyzer.ts\n[\u001b[33mwarn\u001b[39m] src/core/code-validator.ts\n[\u001b[33mwarn\u001b[39m] src/core/context7-cache.ts\n[\u001b[33mwarn\u001b[39m] src/core/context7-performance-optimizer.ts\n[\u001b[33mwarn\u001b[39m] src/core/context7-project-analyzer.ts\n[\u001b[33mwarn\u001b[39m] src/core/orchestration-engine.ts\n[\u001b[33mwarn\u001b[39m] src/core/project-scanner.ts\n[\u001b[33mwarn\u001b[39m] src/core/prompt-optimization/ContextAwareTemplateEngine-simplified.ts\n[\u001b[33mwarn\u001b[39m] src/core/prompt-optimization/ContextAwareTemplateEngine.ts\n[\u001b[33mwarn\u001b[39m] src/core/prompt-optimization/TokenBudgetManager.ts\n[\u001b[33mwarn\u001b[39m] src/core/quality-monitor.ts\n[\u001b[33mwarn\u001b[39m] src/core/quality-scorecard.ts\n[\u001b[33mwarn\u001b[39m] src/core/security-scanner.ts\n[\u001b[33mwarn\u001b[39m] src/core/static-analyzer.ts\n[\u001b[33mwarn\u001b[39m] src/core/technical-planner.ts\n[\u001b[33mwarn\u001b[39m] src/deployment/smoke-test.test.ts\n[\u001b[33mwarn\u001b[39m] src/examples/framework-usage-example.ts\n[\u001b[33mwarn\u001b[39m] src/external/RealMCPClient.ts\n[\u001b[33mwarn\u001b[39m] src/framework/mcp-prompt.ts\n[\u001b[33mwarn\u001b[39m] src/framework/mcp-resource.ts\n[\u001b[33mwarn\u001b[39m] src/framework/resource-lifecycle-manager.ts\n[\u001b[33mwarn\u001b[39m] src/icons/utils.ts\n[\u001b[33mwarn\u001b[39m] src/intelligence/CodeGeneration.e2e.test.ts\n[\u001b[33mwarn\u001b[39m] src/intelligence/engines/BackendIntelligenceEngine.ts\n[\u001b[33mwarn\u001b[39m] src/intelligence/engines/DevOpsIntelligenceEngine.ts\n[\u001b[33mwarn\u001b[39m] src/intelligence/engines/frontend/AccessibilityAnalyzer.ts\n[\u001b[33mwarn\u001b[39m] src/intelligence/engines/frontend/FrontendAnalyzer.ts\n[\u001b[33mwarn\u001b[39m] src/intelligence/engines/frontend/SEOAnalyzer.ts\n[\u001b[33mwarn\u001b[39m] src/intelligence/engines/GenericIntelligenceEngine.ts\n[\u001b[33mwarn\u001b[39m] src/intelligence/engines/MobileIntelligenceEngine.ts\n[\u001b[33mwarn\u001b[39m] src/intelligence/PerformanceCache.test.ts\n[\u001b[33mwarn\u001b[39m] src/intelligence/QualityAssuranceEngine.ts\n[\u001b[33mwarn\u001b[39m] src/intelligence/ResponseQualityMetrics.ts\n[\u001b[33mwarn\u001b[39m] src/intelligence/ResponseRelevanceScorer.ts\n[\u001b[33mwarn\u001b[39m] src/intelligence/TechnologyDiscoveryEngine.ts\n[\u001b[33mwarn\u001b[39m] src/intelligence/TemplateDetectionEngine.ts\n[\u001b[33mwarn\u001b[39m] src/intelligence/UnifiedCodeIntelligenceEngine.test.ts\n[\u001b[33mwarn\u001b[39m] src/intelligence/UnifiedCodeIntelligenceEngine.ts\n[\u001b[33mwarn\u001b[39m] src/mcp-docker-server.ts\n[\u001b[33mwarn\u001b[39m] src/monitoring/performance-monitor.ts\n[\u001b[33mwarn\u001b[39m] src/optimization/PerformanceTracker.ts\n[\u001b[33mwarn\u001b[39m] src/patterns/CodeReusePatternEngine.ts\n[\u001b[33mwarn\u001b[39m] src/prevention/ErrorPreventionSystem.ts\n[\u001b[33mwarn\u001b[39m] src/prompts/code-review-prompt.test.ts\n[\u001b[33mwarn\u001b[39m] src/prompts/documentation-prompt.test.ts\n[\u001b[33mwarn\u001b[39m] src/prompts/error-analysis-prompt.test.ts\n[\u001b[33mwarn\u001b[39m] src/tools/smart-begin.ts\n[\u001b[33mwarn\u001b[39m] src/tools/smart-converse-performance.test.ts\n[\u001b[33mwarn\u001b[39m] src/tools/smart-converse.ts\n[\u001b[33mwarn\u001b[39m] src/tools/smart-vibe.ts\n[\u001b[33mwarn\u001b[39m] src/tools/smart-write-enhanced.test.ts\n[\u001b[33mwarn\u001b[39m] src/tools/smart-write/CodeGenerator.ts\n[\u001b[33mwarn\u001b[39m] src/tools/smart-write/QualityValidator.ts\n[\u001b[33mwarn\u001b[39m] src/tracing/CallTreeTracer.ts\n[\u001b[33mwarn\u001b[39m] src/visualization/ExportUtils.ts\n[\u001b[33mwarn\u001b[39m] src/websocket/MetricsBroadcaster.ts\n[\u001b[33mwarn\u001b[39m] Code style issues found in 60 files. Run Prettier with --write to fix.\n",
        "output": "\n> smart-mcp@2.0.0 format:check\n> prettier --check \"src/**/*.{ts,js,json,md}\"\n\nChecking formatting...\n"
      }
    ]
  },
  "testCoverage": {
    "status": "failed",
    "score": 0,
    "details": [
      {
        "check": "Test Execution",
        "status": "failed",
        "message": "\u001b[90mstderr\u001b[2m | src/integration/smart-vibe-integration.test.ts\u001b[2m > \u001b[22m\u001b[2mSmart Vibe Integration Tests\u001b[2m > \u001b[22m\u001b[2mError Scenarios\u001b[2m > \u001b[22m\u001b[2mshould handle VibeTapp errors gracefully\n\u001b[22m\u001b[39m VibeTapp execution error: Error: Intent parsing failed - unclear request\n    at \u001b[90mC:\\cursor\\TappMCP\\\u001b[39msrc\\integration\\smart-vibe-integration.test.ts:292:21\n    at \u001b[90mfile:///C:/cursor/TappMCP/\u001b[39mnode_modules/\u001b[4m@vitest\u001b[24m/runner/dist/chunk-hooks.js:155:11\n    at \u001b[90mfile:///C:/cursor/TappMCP/\u001b[39mnode_modules/\u001b[4m@vitest\u001b[24m/runner/dist/chunk-hooks.js:752:26\n    at \u001b[90mfile:///C:/cursor/TappMCP/\u001b[39mnode_modules/\u001b[4m@vitest\u001b[24m/runner/dist/chunk-hooks.js:1897:20\n    at new Promise (<anonymous>)\n    at runWithTimeout \u001b[90m(file:///C:/cursor/TappMCP/\u001b[39mnode_modules/\u001b[4m@vitest\u001b[24m/runner/dist/chunk-hooks.js:1863:10\u001b[90m)\u001b[39m\n    at runTest \u001b[90m(file:///C:/cursor/TappMCP/\u001b[39mnode_modules/\u001b[4m@vitest\u001b[24m/runner/dist/chunk-hooks.js:1574:12\u001b[90m)\u001b[39m\n\u001b[90m    at processTicksAndRejections (node:internal/process/task_queues:105:5)\u001b[39m\n    at runSuite \u001b[90m(file:///C:/cursor/TappMCP/\u001b[39mnode_modules/\u001b[4m@vitest\u001b[24m/runner/dist/chunk-hooks.js:1729:8\u001b[90m)\u001b[39m\n    at runSuite \u001b[90m(file:///C:/cursor/TappMCP/\u001b[39mnode_modules/\u001b[4m@vitest\u001b[24m/runner/dist/chunk-hooks.js:1729:8\u001b[90m)\u001b[39m\n\n\u001b[90mstderr\u001b[2m | src/integration/smart-vibe-integration.test.ts\u001b[2m > \u001b[22m\u001b[2mSmart Vibe Integration Tests\u001b[2m > \u001b[22m\u001b[2mError Scenarios\u001b[2m > \u001b[22m\u001b[2mshould handle network/timeout errors\n\u001b[22m\u001b[39m VibeTapp execution error: Error: Request timeout - tool execution took too long\n    at \u001b[90mC:\\cursor\\TappMCP\\\u001b[39msrc\\integration\\smart-vibe-integration.test.ts:306:21\n    at \u001b[90mfile:///C:/cursor/TappMCP/\u001b[39mnode_modules/\u001b[4m@vitest\u001b[24m/runner/dist/chunk-hooks.js:155:11\n    at \u001b[90mfile:///C:/cursor/TappMCP/\u001b[39mnode_modules/\u001b[4m@vitest\u001b[24m/runner/dist/chunk-hooks.js:752:26\n    at \u001b[90mfile:///C:/cursor/TappMCP/\u001b[39mnode_modules/\u001b[4m@vitest\u001b[24m/runner/dist/chunk-hooks.js:1897:20\n    at new Promise (<anonymous>)\n    at runWithTimeout \u001b[90m(file:///C:/cursor/TappMCP/\u001b[39mnode_modules/\u001b[4m@vitest\u001b[24m/runner/dist/chunk-hooks.js:1863:10\u001b[90m)\u001b[39m\n    at runTest \u001b[90m(file:///C:/cursor/TappMCP/\u001b[39mnode_modules/\u001b[4m@vitest\u001b[24m/runner/dist/chunk-hooks.js:1574:12\u001b[90m)\u001b[39m\n\u001b[90m    at processTicksAndRejections (node:internal/process/task_queues:105:5)\u001b[39m\n    at runSuite \u001b[90m(file:///C:/cursor/TappMCP/\u001b[39mnode_modules/\u001b[4m@vitest\u001b[24m/runner/dist/chunk-hooks.js:1729:8\u001b[90m)\u001b[39m\n    at runSuite \u001b[90m(file:///C:/cursor/TappMCP/\u001b[39mnode_modules/\u001b[4m@vitest\u001b[24m/runner/dist/chunk-hooks.js:1729:8\u001b[90m)\u001b[39m\n\n\u001b[90mstderr\u001b[2m | src/resources/api-resource.test.ts\u001b[2m > \u001b[22m\u001b[2mApiResource\u001b[2m > \u001b[22m\u001b[2mRetry Logic\u001b[2m > \u001b[22m\u001b[2mshould fail after max retries\n\u001b[22m\u001b[39mAPI request failed, retrying { attempt: \u001b[33m1\u001b[39m, maxRetries: \u001b[33m2\u001b[39m, error: \u001b[32m'Network error'\u001b[39m, delay: \u001b[33m10\u001b[39m }\n\n\u001b[90mstderr\u001b[2m | src/resources/api-resource.test.ts\u001b[2m > \u001b[22m\u001b[2mApiResource\u001b[2m > \u001b[22m\u001b[2mRetry Logic\u001b[2m > \u001b[22m\u001b[2mshould fail after max retries\n\u001b[22m\u001b[39mAPI request failed, retrying { attempt: \u001b[33m2\u001b[39m, maxRetries: \u001b[33m2\u001b[39m, error: \u001b[32m'Network error'\u001b[39m, delay: \u001b[33m10\u001b[39m }\n\n\u001b[90mstderr\u001b[2m | src/resources/api-resource.test.ts\u001b[2m > \u001b[22m\u001b[2mApiResource\u001b[2m > \u001b[22m\u001b[2mRetry Logic\u001b[2m > \u001b[22m\u001b[2mshould fail after max retries\n\u001b[22m\u001b[39mAPI request failed {\n  error: \u001b[32m'Network error'\u001b[39m,\n  method: \u001b[32m'GET'\u001b[39m,\n  url: \u001b[32m'https://api.example.com/error'\u001b[39m,\n  executionTime: \u001b[32m'145ms'\u001b[39m\n}\n\n\u001b[90mstderr\u001b[2m | src/resources/api-resource.test.ts\u001b[2m > \u001b[22m\u001b[2mApiResource\u001b[2m > \u001b[22m\u001b[2mTimeout Handling\u001b[2m > \u001b[22m\u001b[2mshould handle request timeouts\n\u001b[22m\u001b[39mAPI request failed, retrying { attempt: \u001b[33m1\u001b[39m, maxRetries: \u001b[33m3\u001b[39m, error: \u001b[32m'Request timeout'\u001b[39m, delay: \u001b[33m1000\u001b[39m }\n\n\u001b[90mstderr\u001b[2m | src/deployment/smoke-test.test.ts\u001b[2m > \u001b[22m\u001b[2m TappMCP Deployment Smoke Test - E2E Verification\n\u001b[22m\u001b[39m Server stderr:  Starting MCP Server...\n\n\u001b[90mstderr\u001b[2m | src/resources/api-resource.test.ts\u001b[2m > \u001b[22m\u001b[2mApiResource\u001b[2m > \u001b[22m\u001b[2mTimeout Handling\u001b[2m > \u001b[22m\u001b[2mshould handle request timeouts\n\u001b[22m\u001b[39mAPI request failed, retrying { attempt: \u001b[33m2\u001b[39m, maxRetries: \u001b[33m3\u001b[39m, error: \u001b[32m'Request timeout'\u001b[39m, delay: \u001b[33m1000\u001b[39m }\n\n\u001b[90mstderr\u001b[2m | src/tests/prove-real-mcp.test.ts\u001b[2m > \u001b[22m\u001b[2mPROVE Real MCP Integration Works\u001b[2m > \u001b[22m\u001b[2m ACTUAL MCP SERVER CONNECTIONS\u001b[2m > \u001b[22m\u001b[2mshould PROVE we can connect to real external MCP servers\n\u001b[22m\u001b[39m filesystem stderr: Secure MCP Filesystem Server running on stdio\n\n\n\u001b[90mstderr\u001b[2m | src/resources/api-resource.test.ts\u001b[2m > \u001b[22m\u001b[2mApiResource\u001b[2m > \u001b[22m\u001b[2mTimeout Handling\u001b[2m > \u001b[22m\u001b[2mshould handle request timeouts\n\u001b[22m\u001b[39mAPI request failed, retrying { attempt: \u001b[33m3\u001b[39m, maxRetries: \u001b[33m3\u001b[39m, error: \u001b[32m'Request timeout'\u001b[39m, delay: \u001b[33m1000\u001b[39m }\n\n\u001b[90mstderr\u001b[2m | src/tests/prove-real-mcp.test.ts\u001b[2m > \u001b[22m\u001b[2mPROVE Real MCP Integration Works\u001b[2m > \u001b[22m\u001b[2m ACTUAL MCP SERVER CONNECTIONS\u001b[2m > \u001b[22m\u001b[2mshould PROVE we can connect to real external MCP servers\n\u001b[22m\u001b[39m github stderr: GitHub MCP Server running on stdio\n\n\n\u001b[90mstderr\u001b[2m | src/core/security-scanner.test.ts\u001b[2m > \u001b[22m\u001b[2mSecurityScanner - REAL TESTS\u001b[2m > \u001b[22m\u001b[2mrunSecurityScan - ACTUAL SECURITY SCANNING\u001b[2m > \u001b[22m\u001b[2mshould complete security scan in reasonable time\n\u001b[22m\u001b[39mOSV-Scanner not available or scan failed, skipping OSV scan\n\n\u001b[90mstderr\u001b[2m | src/core/security-scanner.test.ts\u001b[2m > \u001b[22m\u001b[2mSecurityScanner - REAL TESTS\u001b[2m > \u001b[22m\u001b[2mrunSecurityScan - ACTUAL SECURITY SCANNING\u001b[2m > \u001b[22m\u001b[2mshould run ACTUAL npm audit command (not mocked)\n\u001b[22m\u001b[39mOSV-Scanner not available or scan failed, skipping OSV scan\n\n\u001b[90mstderr\u001b[2m | src/tests/prove-real-mcp.test.ts\u001b[2m > \u001b[22m\u001b[2mPROVE Real MCP Integration Works\u001b[2m > \u001b[22m\u001b[2m ACTUAL MCP SERVER CONNECTIONS\u001b[2m > \u001b[22m\u001b[2mshould PROVE we can connect to real external MCP servers\n\u001b[22m\u001b[39m testsprite stderr: TestSprite MCP Server running on stdio\n\n\n\u001b[90mstderr\u001b[2m | src/core/security-scanner.test.ts\u001b[2m > \u001b[22m\u001b[2mSecurityScanner - REAL TESTS\u001b[2m > \u001b[22m\u001b[2mrunSecurityScan - ACTUAL SECURITY SCANNING\u001b[2m > \u001b[22m\u001b[2mshould handle missing dependencies gracefully\n\u001b[22m\u001b[39mOSV-Scanner not available or scan failed, skipping OSV scan\n\n\u001b[90mstderr\u001b[2m | src/core/security-scanner.test.ts\u001b[2m > \u001b[22m\u001b[2mSecurityScanner - REAL TESTS\u001b[2m > \u001b[22m\u001b[2mCommand Execution - REAL EXTERNAL CALLS\u001b[2m > \u001b[22m\u001b[2mshould attempt to execute retire.js command\n\u001b[22m\u001b[39mOSV-Scanner not available or scan failed, skipping OSV scan\n\n\u001b[90mstderr\u001b[2m | src/resources/api-resource.test.ts\u001b[2m > \u001b[22m\u001b[2mApiResource\u001b[2m > \u001b[22m\u001b[2mTimeout Handling\u001b[2m > \u001b[22m\u001b[2mshould handle request timeouts\n\u001b[22m\u001b[39mAPI request failed {\n  error: \u001b[32m'Request timeout'\u001b[39m,\n  method: \u001b[32m'GET'\u001b[39m,\n  url: \u001b[32m'https://api.example.com/slow'\u001b[39m,\n  executionTime: \u001b[32m'7114ms'\u001b[39m\n}\n\n\u001b[90mstderr\u001b[2m | src/resources/api-resource.test.ts\u001b[2m > \u001b[22m\u001b[2mApiResource\u001b[2m > \u001b[22m\u001b[2mError Handling\u001b[2m > \u001b[22m\u001b[2mshould handle HTTP error responses\n\u001b[22m\u001b[39mAPI request failed, retrying {\n  attempt: \u001b[33m1\u001b[39m,\n  maxRetries: \u001b[33m3\u001b[39m,\n  error: \u001b[32m'HTTP 404: Not Found'\u001b[39m,\n  delay: \u001b[33m1000\u001b[39m\n}\n\n\u001b[90mstderr\u001b[2m | src/vibe/VibeCoder.test.ts\u001b[2m > \u001b[22m\u001b[2mVibeTapp\u001b[2m > \u001b[22m\u001b[2mProject Creation\u001b[2m > \u001b[22m\u001b[2mshould handle project creation errors gracefully\n\u001b[22m\u001b[39m[2025-09-16T13:34:29.836Z] ERROR Vibe Coder error {\n  error: \u001b[32m'Tool failed'\u001b[39m,\n  stack: \u001b[32m'Error: Tool failed\\n'\u001b[39m +\n    \u001b[32m'    at C:\\\\cursor\\\\TappMCP\\\\src\\\\vibe\\\\VibeCoder.test.ts:46:63\\n'\u001b[39m +\n    \u001b[32m'    at file:///C:/cursor/TappMCP/node_modules/@vitest/runner/dist/chunk-hooks.js:155:11\\n'\u001b[39m +\n    \u001b[32m'    at file:///C:/cursor/TappMCP/node_modules/@vitest/runner/dist/chunk-hooks.js:752:26\\n'\u001b[39m +\n    \u001b[32m'    at file:///C:/cursor/TappMCP/node_modules/@vitest/runner/dist/chunk-hooks.js:1897:20\\n'\u001b[39m +\n    \u001b[32m'    at new Promise (<anonymous>)\\n'\u001b[39m +\n    \u001b[32m'    at runWithTimeout (file:///C:/cursor/TappMCP/node_modules/@vitest/runner/dist/chunk-hooks.js:1863:10)\\n'\u001b[39m +\n    \u001b[32m'    at runTest (file:///C:/cursor/TappMCP/node_modules/@vitest/runner/dist/chunk-hooks.js:1574:12)\\n'\u001b[39m +\n    \u001b[32m'    at runSuite (file:///C:/cursor/TappMCP/node_modules/@vitest/runner/dist/chunk-hooks.js:1729:8)\\n'\u001b[39m +\n    \u001b[32m'    at runSuite (file:///C:/cursor/TappMCP/node_modules/@vitest/runner/dist/chunk-hooks.js:1729:8)\\n'\u001b[39m +\n    \u001b[32m'    at runSuite (file:///C:/cursor/TappMCP/node_modules/@vitest/runner/dist/chunk-hooks.js:1729:8)'\u001b[39m,\n  context: {\n    requestId: \u001b[32m'req_1758029669827_hcyx17k89'\u001b[39m,\n    input: \u001b[32m'make me a broken app'\u001b[39m\n  },\n  type: \u001b[32m'error'\u001b[39m\n}\n\n\u001b[90mstderr\u001b[2m | src/tests/prove-real-mcp.test.ts\u001b[2m > \u001b[22m\u001b[2mPROVE Real MCP Integration Works\u001b[2m > \u001b[22m\u001b[2m REAL TOOL EXECUTION\u001b[2m > \u001b[22m\u001b[2mshould execute real tools on connected MCP servers\n\u001b[22m\u001b[39m filesystem stderr: Secure MCP Filesystem Server running on stdio\n\n\n\u001b[90mstderr\u001b[2m | src/resources/api-resource.test.ts\u001b[2m > \u001b[22m\u001b[2mApiResource\u001b[2m > \u001b[22m\u001b[2mError Handling\u001b[2m > \u001b[22m\u001b[2mshould handle HTTP error responses\n\u001b[22m\u001b[39mAPI request failed, retrying {\n  attempt: \u001b[33m2\u001b[39m,\n  maxRetries: \u001b[33m3\u001b[39m,\n  error: \u001b[32m'HTTP 404: Not Found'\u001b[39m,\n  delay: \u001b[33m1000\u001b[39m\n}\n\n\u001b[90mstderr\u001b[2m | src/tests/prove-real-mcp.test.ts\u001b[2m > \u001b[22m\u001b[2mPROVE Real MCP Integration Works\u001b[2m > \u001b[22m\u001b[2m REAL TOOL EXECUTION\u001b[2m > \u001b[22m\u001b[2mshould execute real tools on connected MCP servers\n\u001b[22m\u001b[39m github stderr: GitHub MCP Server running on stdio\n\n\n\u001b[90mstderr\u001b[2m | src/resources/api-resource.test.ts\u001b[2m > \u001b[22m\u001b[2mApiResource\u001b[2m > \u001b[22m\u001b[2mError Handling\u001b[2m > \u001b[22m\u001b[2mshould handle HTTP error responses\n\u001b[22m\u001b[39mAPI request failed, retrying {\n  attempt: \u001b[33m3\u001b[39m,\n  maxRetries: \u001b[33m3\u001b[39m,\n  error: \u001b[32m'HTTP 404: Not Found'\u001b[39m,\n  delay: \u001b[33m1000\u001b[39m\n}\n\n\u001b[90mstderr\u001b[2m | src/core/security-scanner.test.ts\u001b[2m > \u001b[22m\u001b[2mSecurityScanner - REAL TESTS\u001b[2m > \u001b[22m\u001b[2mCommand Execution - REAL EXTERNAL CALLS\u001b[2m > \u001b[22m\u001b[2mshould attempt OSV-Scanner execution\n\u001b[22m\u001b[39mOSV-Scanner not available or scan failed, skipping OSV scan\n\n\u001b[90mstderr\u001b[2m | src/tests/prove-real-mcp.test.ts\u001b[2m > \u001b[22m\u001b[2mPROVE Real MCP Integration Works\u001b[2m > \u001b[22m\u001b[2m REAL TOOL EXECUTION\u001b[2m > \u001b[22m\u001b[2mshould execute real tools on connected MCP servers\n\u001b[22m\u001b[39m testsprite stderr: TestSprite MCP Server running on stdio\n\n\n\u001b[90mstderr\u001b[2m | src/tests/prove-real-mcp.test.ts\u001b[2m > \u001b[22m\u001b[2mPROVE Real MCP Integration Works\u001b[2m > \u001b[22m\u001b[2m REAL TOOL EXECUTION\u001b[2m > \u001b[22m\u001b[2mshould execute real tools on connected MCP servers\n\u001b[22m\u001b[39m Failed to call tool create_or_update_file on github: Error: Tool call failed: Invalid input: [{\"code\":\"invalid_type\",\"expected\":\"string\",\"received\":\"undefined\",\"path\":[\"owner\"],\"message\":\"Required\"},{\"code\":\"invalid_type\",\"expected\":\"string\",\"received\":\"undefined\",\"path\":[\"repo\"],\"message\":\"Required\"},{\"code\":\"invalid_type\",\"expected\":\"string\",\"received\":\"undefined\",\"path\":[\"path\"],\"message\":\"Required\"},{\"code\":\"invalid_type\",\"expected\":\"string\",\"received\":\"undefined\",\"path\":[\"content\"],\"message\":\"Required\"},{\"code\":\"invalid_type\",\"expected\":\"string\",\"received\":\"undefined\",\"path\":[\"message\"],\"message\":\"Required\"},{\"code\":\"invalid_type\",\"expected\":\"string\",\"received\":\"undefined\",\"path\":[\"branch\"],\"message\":\"Required\"}]\n    at RealMCPClient.callTool \u001b[90m(C:\\cursor\\TappMCP\\\u001b[39msrc\\external\\RealMCPClient.ts:240:15\u001b[90m)\u001b[39m\n\u001b[90m    at processTicksAndRejections (node:internal/process/task_queues:105:5)\u001b[39m\n    at \u001b[90mC:\\cursor\\TappMCP\\\u001b[39msrc\\tests\\prove-real-mcp.test.ts:123:26\n    at \u001b[90mfile:///C:/cursor/TappMCP/\u001b[39mnode_modules/\u001b[4m@vitest\u001b[24m/runner/dist/chunk-hooks.js:752:20\n\n\u001b[90mstderr\u001b[2m | src/core/security-scanner.test.ts\u001b[2m > \u001b[22m\u001b[2mSecurityScanner - REAL TESTS\u001b[2m > \u001b[22m\u001b[2mFile Content Analysis - ACTUAL CODE SCANNING\u001b[2m > \u001b[22m\u001b[2mshould detect REAL hardcoded secrets in files\n\u001b[22m\u001b[39mOSV-Scanner not available or scan failed, skipping OSV scan\n\n\u001b[90mstderr\u001b[2m | src/core/security-scanner.test.ts\u001b[2m > \u001b[22m\u001b[2mSecurityScanner - REAL TESTS\u001b[2m > \u001b[22m\u001b[2mFile Content Analysis - ACTUAL CODE SCANNING\u001b[2m > \u001b[22m\u001b[2mshould detect REAL dangerous functions in files\n\u001b[22m\u001b[39mOSV-Scanner not available or scan failed, skipping OSV scan\n\n\u001b[90mstderr\u001b[2m | src/tests/prove-real-mcp.test.ts\u001b[2m > \u001b[22m\u001b[2mPROVE Real MCP Integration Works\u001b[2m > \u001b[22m\u001b[2m INTEGRATION IMPROVEMENT PROOF\u001b[2m > \u001b[22m\u001b[2mshould demonstrate improvement from 0% to actual real integration\n\u001b[22m\u001b[39m filesystem stderr: Secure MCP Filesystem Server running on stdio\n\n\n\u001b[90mstderr\u001b[2m | src/resources/api-resource.test.ts\u001b[2m > \u001b[22m\u001b[2mApiResource\u001b[2m > \u001b[22m\u001b[2mError Handling\u001b[2m > \u001b[22m\u001b[2mshould handle HTTP error responses\n\u001b[22m\u001b[39mAPI request failed {\n  error: \u001b[32m'HTTP 404: Not Found'\u001b[39m,\n  method: \u001b[32m'GET'\u001b[39m,\n  url: \u001b[32m'https://api.example.com/nonexistent'\u001b[39m,\n  executionTime: \u001b[32m'7116ms'\u001b[39m\n}\n\n\u001b[90mstderr\u001b[2m | src/resources/api-resource.test.ts\u001b[2m > \u001b[22m\u001b[2mApiResource\u001b[2m > \u001b[22m\u001b[2mError Handling\u001b[2m > \u001b[22m\u001b[2mshould handle network errors\n\u001b[22m\u001b[39mAPI request failed, retrying { attempt: \u001b[33m1\u001b[39m, maxRetries: \u001b[33m3\u001b[39m, error: \u001b[32m'Network error'\u001b[39m, delay: \u001b[33m1000\u001b[39m }\n\n\u001b[90mstderr\u001b[2m | src/resources/api-resource.test.ts\u001b[2m > \u001b[22m\u001b[2mApiResource\u001b[2m > \u001b[22m\u001b[2mError Handling\u001b[2m > \u001b[22m\u001b[2mshould handle network errors\n\u001b[22m\u001b[39mAPI request failed, retrying { attempt: \u001b[33m2\u001b[39m, maxRetries: \u001b[33m3\u001b[39m, error: \u001b[32m'Network error'\u001b[39m, delay: \u001b[33m1000\u001b[39m }\n\n\u001b[90mstderr\u001b[2m | src/core/security-scanner.test.ts\u001b[2m > \u001b[22m\u001b[2mSecurityScanner - REAL TESTS\u001b[2m > \u001b[22m\u001b[2mFile Content Analysis - ACTUAL CODE SCANNING\u001b[2m > \u001b[22m\u001b[2mshould NOT detect false positives in safe code\n\u001b[22m\u001b[39mOSV-Scanner not available or scan failed, skipping OSV scan\n\n\u001b[90mstderr\u001b[2m | src/tests/prove-real-mcp.test.ts\u001b[2m > \u001b[22m\u001b[2mPROVE Real MCP Integration Works\u001b[2m > \u001b[22m\u001b[2m INTEGRATION IMPROVEMENT PROOF\u001b[2m > \u001b[22m\u001b[2mshould demonstrate improvement from 0% to actual real integration\n\u001b[22m\u001b[39m github stderr: GitHub MCP Server running on stdio\n\n\n\u001b[90mstderr\u001b[2m | src/core/security-scanner.test.ts\u001b[2m > \u001b[22m\u001b[2mSecurityScanner - REAL TESTS\u001b[2m > \u001b[22m\u001b[2mINTEGRATION - Full Security Scan with Real Files\u001b[2m > \u001b[22m\u001b[2mshould scan real project and provide comprehensive results\n\u001b[22m\u001b[39mOSV-Scanner not available or scan failed, skipping OSV scan\n\n\u001b[90mstderr\u001b[2m | src/resources/api-resource.test.ts\u001b[2m > \u001b[22m\u001b[2mApiResource\u001b[2m > \u001b[22m\u001b[2mError Handling\u001b[2m > \u001b[22m\u001b[2mshould handle network errors\n\u001b[22m\u001b[39mAPI request failed, retrying { attempt: \u001b[33m3\u001b[39m, maxRetries: \u001b[33m3\u001b[39m, error: \u001b[32m'Network error'\u001b[39m, delay: \u001b[33m1000\u001b[39m }\n\n\u001b[90mstderr\u001b[2m | src/tests/prove-real-mcp.test.ts\u001b[2m > \u001b[22m\u001b[2mPROVE Real MCP Integration Works\u001b[2m > \u001b[22m\u001b[2m INTEGRATION IMPROVEMENT PROOF\u001b[2m > \u001b[22m\u001b[2mshould demonstrate improvement from 0% to actual real integration\n\u001b[22m\u001b[39m testsprite stderr: TestSprite MCP Server running on stdio\n\n\n\u001b[90mstderr\u001b[2m | src/server-basic.test.ts\n\u001b[22m\u001b[39m Server not started - condition not met\n\n\u001b[90mstderr\u001b[2m | src/resources/api-resource.test.ts\u001b[2m > \u001b[22m\u001b[2mApiResource\u001b[2m > \u001b[22m\u001b[2mError Handling\u001b[2m > \u001b[22m\u001b[2mshould handle network errors\n\u001b[22m\u001b[39mAPI request failed {\n  error: \u001b[32m'Network error'\u001b[39m,\n  method: \u001b[32m'GET'\u001b[39m,\n  url: \u001b[32m'https://api.example.com/error'\u001b[39m,\n  executionTime: \u001b[32m'7125ms'\u001b[39m\n}\n\n\u001b[90mstderr\u001b[2m | src/resources/api-resource.test.ts\u001b[2m > \u001b[22m\u001b[2mApiResource\u001b[2m > \u001b[22m\u001b[2mError Handling\u001b[2m > \u001b[22m\u001b[2mshould handle JSON parsing errors\n\u001b[22m\u001b[39mAPI request failed, retrying { attempt: \u001b[33m1\u001b[39m, maxRetries: \u001b[33m3\u001b[39m, error: \u001b[32m'Invalid JSON'\u001b[39m, delay: \u001b[33m1000\u001b[39m }\n\n\u001b[90mstderr\u001b[2m | src/resources/api-resource.test.ts\u001b[2m > \u001b[22m\u001b[2mApiResource\u001b[2m > \u001b[22m\u001b[2mError Handling\u001b[2m > \u001b[22m\u001b[2mshould handle JSON parsing errors\n\u001b[22m\u001b[39mAPI request failed, retrying { attempt: \u001b[33m2\u001b[39m, maxRetries: \u001b[33m3\u001b[39m, error: \u001b[32m'Invalid JSON'\u001b[39m, delay: \u001b[33m1000\u001b[39m }\n\n\u001b[90mstderr\u001b[2m | src/resources/api-resource.test.ts\u001b[2m > \u001b[22m\u001b[2mApiResource\u001b[2m > \u001b[22m\u001b[2mError Handling\u001b[2m > \u001b[22m\u001b[2mshould handle JSON parsing errors\n\u001b[22m\u001b[39mAPI request failed, retrying { attempt: \u001b[33m3\u001b[39m, maxRetries: \u001b[33m3\u001b[39m, error: \u001b[32m'Invalid JSON'\u001b[39m, delay: \u001b[33m1000\u001b[39m }\n\n"
      }
    ]
  },
  "security": {
    "status": "passed",
    "score": 100,
    "details": [
      {
        "check": "NPM Audit",
        "status": "passed",
        "message": "No security issues found"
      },
      {
        "check": "Gitleaks",
        "status": "warning",
        "message": "Check completed with warnings",
        "output": "Command failed: npx gitleaks detect --source . --verbose\nnpm error could not determine executable to run\nnpm error A complete log of this run can be found in: C:\\Users\\tappt\\AppData\\Local\\npm-cache\\_logs\\2025-09-16T13_34_49_348Z-debug-0.log\n"
      },
      {
        "check": "OSV Scanner",
        "status": "warning",
        "message": "Check completed with warnings",
        "output": "Command failed: npx osv-scanner -r .\nnpm error code E404\nnpm error 404 Not Found - GET https://registry.npmjs.org/osv-scanner - Not found\nnpm error 404\nnpm error 404  'osv-scanner@*' is not in this registry.\nnpm error 404\nnpm error 404 Note that you can also install from a\nnpm error 404 tarball, folder, http url, or git url.\nnpm error A complete log of this run can be found in: C:\\Users\\tappt\\AppData\\Local\\npm-cache\\_logs\\2025-09-16T13_34_50_747Z-debug-0.log\n"
      }
    ]
  },
  "performance": {
    "status": "failed",
    "score": 0,
    "details": [
      {
        "check": "Build",
        "status": "failed",
        "message": "Project build failed"
      }
    ]
  },
  "overall": {
    "status": "failed",
    "score": 25
  }
}